<?xml version="1.0" encoding="UTF-8"?>
<testsuite name="org.spring.moviepj.theater.Theater" tests="1" skipped="0" failures="0" errors="0" timestamp="2025-03-06T02:06:31" hostname="602-5" time="0.998">
  <properties/>
  <testcase name="insertTheaterWithCinema()" classname="org.spring.moviepj.theater.Theater" time="0.998"/>
  <system-out><![CDATA[2025-03-06T11:06:25.031+09:00  INFO 14008 --- [    Test worker] t.c.s.AnnotationConfigContextLoaderUtils : Could not detect default configuration classes for test class [org.spring.moviepj.theater.Theater]: Theater does not declare any static, non-private, non-final, nested classes annotated with @Configuration.
2025-03-06T11:06:25.047+09:00  INFO 14008 --- [    Test worker] .b.t.c.SpringBootTestContextBootstrapper : Found @SpringBootConfiguration org.spring.moviepj.MoviepjApplication for test class org.spring.moviepj.theater.Theater

  .   ____          _            __ _ _
 /\\ / ___'_ __ _ _(_)_ __  __ _ \ \ \ \
( ( )\___ | '_ | '_| | '_ \/ _` | \ \ \ \
 \\/  ___)| |_)| | | | | || (_| |  ) ) ) )
  '  |____| .__|_| |_|_| |_\__, | / / / /
 =========|_|==============|___/=/_/_/_/

 :: Spring Boot ::                (v3.3.8)

2025-03-06T11:06:25.057+09:00  WARN 14008 --- [    Test worker] ory$DuplicateJsonObjectContextCustomizer : 

Found multiple occurrences of org.json.JSONObject on the class path:

	jar:file:/C:/Users/Administrator/.gradle/caches/modules-2/files-2.1/org.json/json/20250107/a1b5f0b5a1ce018b93a691c57ffc7d141b3a10f1/json-20250107.jar!/org/json/JSONObject.class
	jar:file:/C:/Users/Administrator/.gradle/caches/modules-2/files-2.1/com.vaadin.external.google/android-json/0.0.20131108.vaadin1/fa26d351fe62a6a17f5cda1287c1c6110dec413f/android-json-0.0.20131108.vaadin1.jar!/org/json/JSONObject.class

You may wish to exclude one of them to ensure predictable runtime behavior

2025-03-06T11:06:25.073+09:00  INFO 14008 --- [    Test worker] org.spring.moviepj.theater.Theater       : Starting Theater using Java 17.0.12 with PID 14008 (started by Administrator in C:\Users\Administrator\Desktop\movie pj\movieproject_avengers\moviepj)
2025-03-06T11:06:25.073+09:00  INFO 14008 --- [    Test worker] org.spring.moviepj.theater.Theater       : No active profile set, falling back to 1 default profile: "default"
2025-03-06T11:06:25.246+09:00  INFO 14008 --- [    Test worker] .s.d.r.c.RepositoryConfigurationDelegate : Bootstrapping Spring Data JPA repositories in DEFAULT mode.
2025-03-06T11:06:25.272+09:00  INFO 14008 --- [    Test worker] .s.d.r.c.RepositoryConfigurationDelegate : Finished Spring Data repository scanning in 28 ms. Found 13 JPA repository interfaces.
2025-03-06T11:06:25.377+09:00  INFO 14008 --- [    Test worker] o.hibernate.jpa.internal.util.LogHelper  : HHH000204: Processing PersistenceUnitInfo [name: default]
2025-03-06T11:06:25.380+09:00  INFO 14008 --- [    Test worker] o.h.c.internal.RegionFactoryInitiator    : HHH000026: Second-level cache disabled
2025-03-06T11:06:25.381+09:00 DEBUG 14008 --- [    Test worker] org.hibernate.type.BasicTypeRegistry     : Adding type registration boolean -> org.hibernate.type.BasicTypeReference@5e34a84b
2025-03-06T11:06:25.381+09:00 DEBUG 14008 --- [    Test worker] org.hibernate.type.BasicTypeRegistry     : Adding type registration boolean -> org.hibernate.type.BasicTypeReference@5e34a84b
2025-03-06T11:06:25.381+09:00 DEBUG 14008 --- [    Test worker] org.hibernate.type.BasicTypeRegistry     : Adding type registration java.lang.Boolean -> org.hibernate.type.BasicTypeReference@5e34a84b
2025-03-06T11:06:25.381+09:00 DEBUG 14008 --- [    Test worker] org.hibernate.type.BasicTypeRegistry     : Adding type registration numeric_boolean -> org.hibernate.type.BasicTypeReference@438c0aaf
2025-03-06T11:06:25.381+09:00 DEBUG 14008 --- [    Test worker] org.hibernate.type.BasicTypeRegistry     : Adding type registration org.hibernate.type.NumericBooleanConverter -> org.hibernate.type.BasicTypeReference@438c0aaf
2025-03-06T11:06:25.381+09:00 DEBUG 14008 --- [    Test worker] org.hibernate.type.BasicTypeRegistry     : Adding type registration true_false -> org.hibernate.type.BasicTypeReference@7577589
2025-03-06T11:06:25.381+09:00 DEBUG 14008 --- [    Test worker] org.hibernate.type.BasicTypeRegistry     : Adding type registration org.hibernate.type.TrueFalseConverter -> org.hibernate.type.BasicTypeReference@7577589
2025-03-06T11:06:25.381+09:00 DEBUG 14008 --- [    Test worker] org.hibernate.type.BasicTypeRegistry     : Adding type registration yes_no -> org.hibernate.type.BasicTypeReference@37b80ec7
2025-03-06T11:06:25.381+09:00 DEBUG 14008 --- [    Test worker] org.hibernate.type.BasicTypeRegistry     : Adding type registration org.hibernate.type.YesNoConverter -> org.hibernate.type.BasicTypeReference@37b80ec7
2025-03-06T11:06:25.381+09:00 DEBUG 14008 --- [    Test worker] org.hibernate.type.BasicTypeRegistry     : Adding type registration byte -> org.hibernate.type.BasicTypeReference@4cb58e8b
2025-03-06T11:06:25.381+09:00 DEBUG 14008 --- [    Test worker] org.hibernate.type.BasicTypeRegistry     : Adding type registration byte -> org.hibernate.type.BasicTypeReference@4cb58e8b
2025-03-06T11:06:25.381+09:00 DEBUG 14008 --- [    Test worker] org.hibernate.type.BasicTypeRegistry     : Adding type registration java.lang.Byte -> org.hibernate.type.BasicTypeReference@4cb58e8b
2025-03-06T11:06:25.381+09:00 DEBUG 14008 --- [    Test worker] org.hibernate.type.BasicTypeRegistry     : Adding type registration binary -> org.hibernate.type.BasicTypeReference@6f4f2cc0
2025-03-06T11:06:25.381+09:00 DEBUG 14008 --- [    Test worker] org.hibernate.type.BasicTypeRegistry     : Adding type registration byte[] -> org.hibernate.type.BasicTypeReference@6f4f2cc0
2025-03-06T11:06:25.381+09:00 DEBUG 14008 --- [    Test worker] org.hibernate.type.BasicTypeRegistry     : Adding type registration [B -> org.hibernate.type.BasicTypeReference@6f4f2cc0
2025-03-06T11:06:25.381+09:00 DEBUG 14008 --- [    Test worker] org.hibernate.type.BasicTypeRegistry     : Adding type registration binary_wrapper -> org.hibernate.type.BasicTypeReference@441016d6
2025-03-06T11:06:25.381+09:00 DEBUG 14008 --- [    Test worker] org.hibernate.type.BasicTypeRegistry     : Adding type registration wrapper-binary -> org.hibernate.type.BasicTypeReference@441016d6
2025-03-06T11:06:25.381+09:00 DEBUG 14008 --- [    Test worker] org.hibernate.type.BasicTypeRegistry     : Adding type registration image -> org.hibernate.type.BasicTypeReference@522f0bb8
2025-03-06T11:06:25.381+09:00 DEBUG 14008 --- [    Test worker] org.hibernate.type.BasicTypeRegistry     : Adding type registration blob -> org.hibernate.type.BasicTypeReference@468f2a6f
2025-03-06T11:06:25.381+09:00 DEBUG 14008 --- [    Test worker] org.hibernate.type.BasicTypeRegistry     : Adding type registration java.sql.Blob -> org.hibernate.type.BasicTypeReference@468f2a6f
2025-03-06T11:06:25.381+09:00 DEBUG 14008 --- [    Test worker] org.hibernate.type.BasicTypeRegistry     : Adding type registration materialized_blob -> org.hibernate.type.BasicTypeReference@6a3a56de
2025-03-06T11:06:25.381+09:00 DEBUG 14008 --- [    Test worker] org.hibernate.type.BasicTypeRegistry     : Adding type registration materialized_blob_wrapper -> org.hibernate.type.BasicTypeReference@2ed84be9
2025-03-06T11:06:25.381+09:00 DEBUG 14008 --- [    Test worker] org.hibernate.type.BasicTypeRegistry     : Adding type registration short -> org.hibernate.type.BasicTypeReference@400e741
2025-03-06T11:06:25.381+09:00 DEBUG 14008 --- [    Test worker] org.hibernate.type.BasicTypeRegistry     : Adding type registration short -> org.hibernate.type.BasicTypeReference@400e741
2025-03-06T11:06:25.381+09:00 DEBUG 14008 --- [    Test worker] org.hibernate.type.BasicTypeRegistry     : Adding type registration java.lang.Short -> org.hibernate.type.BasicTypeReference@400e741
2025-03-06T11:06:25.381+09:00 DEBUG 14008 --- [    Test worker] org.hibernate.type.BasicTypeRegistry     : Adding type registration integer -> org.hibernate.type.BasicTypeReference@3be369fc
2025-03-06T11:06:25.381+09:00 DEBUG 14008 --- [    Test worker] org.hibernate.type.BasicTypeRegistry     : Adding type registration int -> org.hibernate.type.BasicTypeReference@3be369fc
2025-03-06T11:06:25.381+09:00 DEBUG 14008 --- [    Test worker] org.hibernate.type.BasicTypeRegistry     : Adding type registration java.lang.Integer -> org.hibernate.type.BasicTypeReference@3be369fc
2025-03-06T11:06:25.381+09:00 DEBUG 14008 --- [    Test worker] org.hibernate.type.BasicTypeRegistry     : Adding type registration long -> org.hibernate.type.BasicTypeReference@35744f8
2025-03-06T11:06:25.381+09:00 DEBUG 14008 --- [    Test worker] org.hibernate.type.BasicTypeRegistry     : Adding type registration long -> org.hibernate.type.BasicTypeReference@35744f8
2025-03-06T11:06:25.381+09:00 DEBUG 14008 --- [    Test worker] org.hibernate.type.BasicTypeRegistry     : Adding type registration java.lang.Long -> org.hibernate.type.BasicTypeReference@35744f8
2025-03-06T11:06:25.381+09:00 DEBUG 14008 --- [    Test worker] org.hibernate.type.BasicTypeRegistry     : Adding type registration float -> org.hibernate.type.BasicTypeReference@6fbcc078
2025-03-06T11:06:25.381+09:00 DEBUG 14008 --- [    Test worker] org.hibernate.type.BasicTypeRegistry     : Adding type registration float -> org.hibernate.type.BasicTypeReference@6fbcc078
2025-03-06T11:06:25.381+09:00 DEBUG 14008 --- [    Test worker] org.hibernate.type.BasicTypeRegistry     : Adding type registration java.lang.Float -> org.hibernate.type.BasicTypeReference@6fbcc078
2025-03-06T11:06:25.381+09:00 DEBUG 14008 --- [    Test worker] org.hibernate.type.BasicTypeRegistry     : Adding type registration double -> org.hibernate.type.BasicTypeReference@6c851821
2025-03-06T11:06:25.381+09:00 DEBUG 14008 --- [    Test worker] org.hibernate.type.BasicTypeRegistry     : Adding type registration double -> org.hibernate.type.BasicTypeReference@6c851821
2025-03-06T11:06:25.381+09:00 DEBUG 14008 --- [    Test worker] org.hibernate.type.BasicTypeRegistry     : Adding type registration java.lang.Double -> org.hibernate.type.BasicTypeReference@6c851821
2025-03-06T11:06:25.381+09:00 DEBUG 14008 --- [    Test worker] org.hibernate.type.BasicTypeRegistry     : Adding type registration big_integer -> org.hibernate.type.BasicTypeReference@4c0930c4
2025-03-06T11:06:25.381+09:00 DEBUG 14008 --- [    Test worker] org.hibernate.type.BasicTypeRegistry     : Adding type registration java.math.BigInteger -> org.hibernate.type.BasicTypeReference@4c0930c4
2025-03-06T11:06:25.381+09:00 DEBUG 14008 --- [    Test worker] org.hibernate.type.BasicTypeRegistry     : Adding type registration big_decimal -> org.hibernate.type.BasicTypeReference@75c0cd39
2025-03-06T11:06:25.381+09:00 DEBUG 14008 --- [    Test worker] org.hibernate.type.BasicTypeRegistry     : Adding type registration java.math.BigDecimal -> org.hibernate.type.BasicTypeReference@75c0cd39
2025-03-06T11:06:25.382+09:00 DEBUG 14008 --- [    Test worker] org.hibernate.type.BasicTypeRegistry     : Adding type registration character -> org.hibernate.type.BasicTypeReference@7cf66cf9
2025-03-06T11:06:25.382+09:00 DEBUG 14008 --- [    Test worker] org.hibernate.type.BasicTypeRegistry     : Adding type registration char -> org.hibernate.type.BasicTypeReference@7cf66cf9
2025-03-06T11:06:25.382+09:00 DEBUG 14008 --- [    Test worker] org.hibernate.type.BasicTypeRegistry     : Adding type registration java.lang.Character -> org.hibernate.type.BasicTypeReference@7cf66cf9
2025-03-06T11:06:25.382+09:00 DEBUG 14008 --- [    Test worker] org.hibernate.type.BasicTypeRegistry     : Adding type registration character_nchar -> org.hibernate.type.BasicTypeReference@38f63756
2025-03-06T11:06:25.382+09:00 DEBUG 14008 --- [    Test worker] org.hibernate.type.BasicTypeRegistry     : Adding type registration string -> org.hibernate.type.BasicTypeReference@3d7caf9c
2025-03-06T11:06:25.382+09:00 DEBUG 14008 --- [    Test worker] org.hibernate.type.BasicTypeRegistry     : Adding type registration java.lang.String -> org.hibernate.type.BasicTypeReference@3d7caf9c
2025-03-06T11:06:25.382+09:00 DEBUG 14008 --- [    Test worker] org.hibernate.type.BasicTypeRegistry     : Adding type registration nstring -> org.hibernate.type.BasicTypeReference@4e26040f
2025-03-06T11:06:25.382+09:00 DEBUG 14008 --- [    Test worker] org.hibernate.type.BasicTypeRegistry     : Adding type registration characters -> org.hibernate.type.BasicTypeReference@1782896
2025-03-06T11:06:25.382+09:00 DEBUG 14008 --- [    Test worker] org.hibernate.type.BasicTypeRegistry     : Adding type registration char[] -> org.hibernate.type.BasicTypeReference@1782896
2025-03-06T11:06:25.382+09:00 DEBUG 14008 --- [    Test worker] org.hibernate.type.BasicTypeRegistry     : Adding type registration [C -> org.hibernate.type.BasicTypeReference@1782896
2025-03-06T11:06:25.382+09:00 DEBUG 14008 --- [    Test worker] org.hibernate.type.BasicTypeRegistry     : Adding type registration wrapper-characters -> org.hibernate.type.BasicTypeReference@8bde368
2025-03-06T11:06:25.382+09:00 DEBUG 14008 --- [    Test worker] org.hibernate.type.BasicTypeRegistry     : Adding type registration text -> org.hibernate.type.BasicTypeReference@5065bdac
2025-03-06T11:06:25.382+09:00 DEBUG 14008 --- [    Test worker] org.hibernate.type.BasicTypeRegistry     : Adding type registration ntext -> org.hibernate.type.BasicTypeReference@2e9dcdd3
2025-03-06T11:06:25.382+09:00 DEBUG 14008 --- [    Test worker] org.hibernate.type.BasicTypeRegistry     : Adding type registration clob -> org.hibernate.type.BasicTypeReference@6e617c0e
2025-03-06T11:06:25.382+09:00 DEBUG 14008 --- [    Test worker] org.hibernate.type.BasicTypeRegistry     : Adding type registration java.sql.Clob -> org.hibernate.type.BasicTypeReference@6e617c0e
2025-03-06T11:06:25.382+09:00 DEBUG 14008 --- [    Test worker] org.hibernate.type.BasicTypeRegistry     : Adding type registration nclob -> org.hibernate.type.BasicTypeReference@9a07409
2025-03-06T11:06:25.382+09:00 DEBUG 14008 --- [    Test worker] org.hibernate.type.BasicTypeRegistry     : Adding type registration java.sql.NClob -> org.hibernate.type.BasicTypeReference@9a07409
2025-03-06T11:06:25.382+09:00 DEBUG 14008 --- [    Test worker] org.hibernate.type.BasicTypeRegistry     : Adding type registration materialized_clob -> org.hibernate.type.BasicTypeReference@7455204c
2025-03-06T11:06:25.382+09:00 DEBUG 14008 --- [    Test worker] org.hibernate.type.BasicTypeRegistry     : Adding type registration materialized_clob_char_array -> org.hibernate.type.BasicTypeReference@34e68840
2025-03-06T11:06:25.382+09:00 DEBUG 14008 --- [    Test worker] org.hibernate.type.BasicTypeRegistry     : Adding type registration materialized_clob_character_array -> org.hibernate.type.BasicTypeReference@510203de
2025-03-06T11:06:25.382+09:00 DEBUG 14008 --- [    Test worker] org.hibernate.type.BasicTypeRegistry     : Adding type registration materialized_nclob -> org.hibernate.type.BasicTypeReference@5b0835cb
2025-03-06T11:06:25.382+09:00 DEBUG 14008 --- [    Test worker] org.hibernate.type.BasicTypeRegistry     : Adding type registration materialized_nclob_character_array -> org.hibernate.type.BasicTypeReference@68229a6
2025-03-06T11:06:25.382+09:00 DEBUG 14008 --- [    Test worker] org.hibernate.type.BasicTypeRegistry     : Adding type registration materialized_nclob_char_array -> org.hibernate.type.BasicTypeReference@62615be
2025-03-06T11:06:25.382+09:00 DEBUG 14008 --- [    Test worker] org.hibernate.type.BasicTypeRegistry     : Adding type registration Duration -> org.hibernate.type.BasicTypeReference@477bea57
2025-03-06T11:06:25.382+09:00 DEBUG 14008 --- [    Test worker] org.hibernate.type.BasicTypeRegistry     : Adding type registration java.time.Duration -> org.hibernate.type.BasicTypeReference@477bea57
2025-03-06T11:06:25.382+09:00 DEBUG 14008 --- [    Test worker] org.hibernate.type.BasicTypeRegistry     : Adding type registration LocalDateTime -> org.hibernate.type.BasicTypeReference@5dc7391e
2025-03-06T11:06:25.382+09:00 DEBUG 14008 --- [    Test worker] org.hibernate.type.BasicTypeRegistry     : Adding type registration java.time.LocalDateTime -> org.hibernate.type.BasicTypeReference@5dc7391e
2025-03-06T11:06:25.382+09:00 DEBUG 14008 --- [    Test worker] org.hibernate.type.BasicTypeRegistry     : Adding type registration LocalDate -> org.hibernate.type.BasicTypeReference@4a9ff419
2025-03-06T11:06:25.382+09:00 DEBUG 14008 --- [    Test worker] org.hibernate.type.BasicTypeRegistry     : Adding type registration java.time.LocalDate -> org.hibernate.type.BasicTypeReference@4a9ff419
2025-03-06T11:06:25.382+09:00 DEBUG 14008 --- [    Test worker] org.hibernate.type.BasicTypeRegistry     : Adding type registration LocalTime -> org.hibernate.type.BasicTypeReference@7ca29311
2025-03-06T11:06:25.382+09:00 DEBUG 14008 --- [    Test worker] org.hibernate.type.BasicTypeRegistry     : Adding type registration java.time.LocalTime -> org.hibernate.type.BasicTypeReference@7ca29311
2025-03-06T11:06:25.382+09:00 DEBUG 14008 --- [    Test worker] org.hibernate.type.BasicTypeRegistry     : Adding type registration OffsetDateTime -> org.hibernate.type.BasicTypeReference@6493f780
2025-03-06T11:06:25.382+09:00 DEBUG 14008 --- [    Test worker] org.hibernate.type.BasicTypeRegistry     : Adding type registration java.time.OffsetDateTime -> org.hibernate.type.BasicTypeReference@6493f780
2025-03-06T11:06:25.383+09:00 DEBUG 14008 --- [    Test worker] org.hibernate.type.BasicTypeRegistry     : Adding type registration OffsetDateTimeWithTimezone -> org.hibernate.type.BasicTypeReference@782dc5
2025-03-06T11:06:25.383+09:00 DEBUG 14008 --- [    Test worker] org.hibernate.type.BasicTypeRegistry     : Adding type registration OffsetDateTimeWithoutTimezone -> org.hibernate.type.BasicTypeReference@35f22eef
2025-03-06T11:06:25.383+09:00 DEBUG 14008 --- [    Test worker] org.hibernate.type.BasicTypeRegistry     : Adding type registration OffsetTime -> org.hibernate.type.BasicTypeReference@5d20195b
2025-03-06T11:06:25.383+09:00 DEBUG 14008 --- [    Test worker] org.hibernate.type.BasicTypeRegistry     : Adding type registration java.time.OffsetTime -> org.hibernate.type.BasicTypeReference@5d20195b
2025-03-06T11:06:25.383+09:00 DEBUG 14008 --- [    Test worker] org.hibernate.type.BasicTypeRegistry     : Adding type registration OffsetTimeUtc -> org.hibernate.type.BasicTypeReference@2674ca88
2025-03-06T11:06:25.383+09:00 DEBUG 14008 --- [    Test worker] org.hibernate.type.BasicTypeRegistry     : Adding type registration OffsetTimeWithTimezone -> org.hibernate.type.BasicTypeReference@67a3dd86
2025-03-06T11:06:25.383+09:00 DEBUG 14008 --- [    Test worker] org.hibernate.type.BasicTypeRegistry     : Adding type registration OffsetTimeWithoutTimezone -> org.hibernate.type.BasicTypeReference@430212cb
2025-03-06T11:06:25.383+09:00 DEBUG 14008 --- [    Test worker] org.hibernate.type.BasicTypeRegistry     : Adding type registration ZonedDateTime -> org.hibernate.type.BasicTypeReference@1eb52131
2025-03-06T11:06:25.383+09:00 DEBUG 14008 --- [    Test worker] org.hibernate.type.BasicTypeRegistry     : Adding type registration java.time.ZonedDateTime -> org.hibernate.type.BasicTypeReference@1eb52131
2025-03-06T11:06:25.383+09:00 DEBUG 14008 --- [    Test worker] org.hibernate.type.BasicTypeRegistry     : Adding type registration ZonedDateTimeWithTimezone -> org.hibernate.type.BasicTypeReference@1e1598e5
2025-03-06T11:06:25.383+09:00 DEBUG 14008 --- [    Test worker] org.hibernate.type.BasicTypeRegistry     : Adding type registration ZonedDateTimeWithoutTimezone -> org.hibernate.type.BasicTypeReference@67a3394c
2025-03-06T11:06:25.383+09:00 DEBUG 14008 --- [    Test worker] org.hibernate.type.BasicTypeRegistry     : Adding type registration date -> org.hibernate.type.BasicTypeReference@34e4fb39
2025-03-06T11:06:25.383+09:00 DEBUG 14008 --- [    Test worker] org.hibernate.type.BasicTypeRegistry     : Adding type registration java.sql.Date -> org.hibernate.type.BasicTypeReference@34e4fb39
2025-03-06T11:06:25.383+09:00 DEBUG 14008 --- [    Test worker] org.hibernate.type.BasicTypeRegistry     : Adding type registration time -> org.hibernate.type.BasicTypeReference@36fe83d
2025-03-06T11:06:25.383+09:00 DEBUG 14008 --- [    Test worker] org.hibernate.type.BasicTypeRegistry     : Adding type registration java.sql.Time -> org.hibernate.type.BasicTypeReference@36fe83d
2025-03-06T11:06:25.383+09:00 DEBUG 14008 --- [    Test worker] org.hibernate.type.BasicTypeRegistry     : Adding type registration timestamp -> org.hibernate.type.BasicTypeReference@310f8a05
2025-03-06T11:06:25.383+09:00 DEBUG 14008 --- [    Test worker] org.hibernate.type.BasicTypeRegistry     : Adding type registration java.sql.Timestamp -> org.hibernate.type.BasicTypeReference@310f8a05
2025-03-06T11:06:25.383+09:00 DEBUG 14008 --- [    Test worker] org.hibernate.type.BasicTypeRegistry     : Adding type registration java.util.Date -> org.hibernate.type.BasicTypeReference@310f8a05
2025-03-06T11:06:25.383+09:00 DEBUG 14008 --- [    Test worker] org.hibernate.type.BasicTypeRegistry     : Adding type registration calendar -> org.hibernate.type.BasicTypeReference@4f98ac31
2025-03-06T11:06:25.383+09:00 DEBUG 14008 --- [    Test worker] org.hibernate.type.BasicTypeRegistry     : Adding type registration java.util.Calendar -> org.hibernate.type.BasicTypeReference@4f98ac31
2025-03-06T11:06:25.383+09:00 DEBUG 14008 --- [    Test worker] org.hibernate.type.BasicTypeRegistry     : Adding type registration java.util.GregorianCalendar -> org.hibernate.type.BasicTypeReference@4f98ac31
2025-03-06T11:06:25.383+09:00 DEBUG 14008 --- [    Test worker] org.hibernate.type.BasicTypeRegistry     : Adding type registration calendar_date -> org.hibernate.type.BasicTypeReference@5cb6abc8
2025-03-06T11:06:25.383+09:00 DEBUG 14008 --- [    Test worker] org.hibernate.type.BasicTypeRegistry     : Adding type registration calendar_time -> org.hibernate.type.BasicTypeReference@20e48e63
2025-03-06T11:06:25.383+09:00 DEBUG 14008 --- [    Test worker] org.hibernate.type.BasicTypeRegistry     : Adding type registration instant -> org.hibernate.type.BasicTypeReference@6d7677d8
2025-03-06T11:06:25.383+09:00 DEBUG 14008 --- [    Test worker] org.hibernate.type.BasicTypeRegistry     : Adding type registration java.time.Instant -> org.hibernate.type.BasicTypeReference@6d7677d8
2025-03-06T11:06:25.383+09:00 DEBUG 14008 --- [    Test worker] org.hibernate.type.BasicTypeRegistry     : Adding type registration uuid -> org.hibernate.type.BasicTypeReference@6705b763
2025-03-06T11:06:25.383+09:00 DEBUG 14008 --- [    Test worker] org.hibernate.type.BasicTypeRegistry     : Adding type registration java.util.UUID -> org.hibernate.type.BasicTypeReference@6705b763
2025-03-06T11:06:25.383+09:00 DEBUG 14008 --- [    Test worker] org.hibernate.type.BasicTypeRegistry     : Adding type registration pg-uuid -> org.hibernate.type.BasicTypeReference@6705b763
2025-03-06T11:06:25.383+09:00 DEBUG 14008 --- [    Test worker] org.hibernate.type.BasicTypeRegistry     : Adding type registration uuid-binary -> org.hibernate.type.BasicTypeReference@e04b8a0
2025-03-06T11:06:25.383+09:00 DEBUG 14008 --- [    Test worker] org.hibernate.type.BasicTypeRegistry     : Adding type registration uuid-char -> org.hibernate.type.BasicTypeReference@a97a895
2025-03-06T11:06:25.383+09:00 DEBUG 14008 --- [    Test worker] org.hibernate.type.BasicTypeRegistry     : Adding type registration class -> org.hibernate.type.BasicTypeReference@5401c6a8
2025-03-06T11:06:25.383+09:00 DEBUG 14008 --- [    Test worker] org.hibernate.type.BasicTypeRegistry     : Adding type registration java.lang.Class -> org.hibernate.type.BasicTypeReference@5401c6a8
2025-03-06T11:06:25.383+09:00 DEBUG 14008 --- [    Test worker] org.hibernate.type.BasicTypeRegistry     : Adding type registration currency -> org.hibernate.type.BasicTypeReference@1ef5cde4
2025-03-06T11:06:25.383+09:00 DEBUG 14008 --- [    Test worker] org.hibernate.type.BasicTypeRegistry     : Adding type registration Currency -> org.hibernate.type.BasicTypeReference@1ef5cde4
2025-03-06T11:06:25.383+09:00 DEBUG 14008 --- [    Test worker] org.hibernate.type.BasicTypeRegistry     : Adding type registration java.util.Currency -> org.hibernate.type.BasicTypeReference@1ef5cde4
2025-03-06T11:06:25.383+09:00 DEBUG 14008 --- [    Test worker] org.hibernate.type.BasicTypeRegistry     : Adding type registration locale -> org.hibernate.type.BasicTypeReference@359fa722
2025-03-06T11:06:25.383+09:00 DEBUG 14008 --- [    Test worker] org.hibernate.type.BasicTypeRegistry     : Adding type registration java.util.Locale -> org.hibernate.type.BasicTypeReference@359fa722
2025-03-06T11:06:25.383+09:00 DEBUG 14008 --- [    Test worker] org.hibernate.type.BasicTypeRegistry     : Adding type registration serializable -> org.hibernate.type.BasicTypeReference@27b7204
2025-03-06T11:06:25.383+09:00 DEBUG 14008 --- [    Test worker] org.hibernate.type.BasicTypeRegistry     : Adding type registration java.io.Serializable -> org.hibernate.type.BasicTypeReference@27b7204
2025-03-06T11:06:25.383+09:00 DEBUG 14008 --- [    Test worker] org.hibernate.type.BasicTypeRegistry     : Adding type registration timezone -> org.hibernate.type.BasicTypeReference@5895c065
2025-03-06T11:06:25.383+09:00 DEBUG 14008 --- [    Test worker] org.hibernate.type.BasicTypeRegistry     : Adding type registration java.util.TimeZone -> org.hibernate.type.BasicTypeReference@5895c065
2025-03-06T11:06:25.383+09:00 DEBUG 14008 --- [    Test worker] org.hibernate.type.BasicTypeRegistry     : Adding type registration ZoneOffset -> org.hibernate.type.BasicTypeReference@683fac7e
2025-03-06T11:06:25.383+09:00 DEBUG 14008 --- [    Test worker] org.hibernate.type.BasicTypeRegistry     : Adding type registration java.time.ZoneOffset -> org.hibernate.type.BasicTypeReference@683fac7e
2025-03-06T11:06:25.383+09:00 DEBUG 14008 --- [    Test worker] org.hibernate.type.BasicTypeRegistry     : Adding type registration url -> org.hibernate.type.BasicTypeReference@2051a0ec
2025-03-06T11:06:25.384+09:00 DEBUG 14008 --- [    Test worker] org.hibernate.type.BasicTypeRegistry     : Adding type registration java.net.URL -> org.hibernate.type.BasicTypeReference@2051a0ec
2025-03-06T11:06:25.384+09:00 DEBUG 14008 --- [    Test worker] org.hibernate.type.BasicTypeRegistry     : Adding type registration vector -> org.hibernate.type.BasicTypeReference@79631db0
2025-03-06T11:06:25.384+09:00 DEBUG 14008 --- [    Test worker] org.hibernate.type.BasicTypeRegistry     : Adding type registration row_version -> org.hibernate.type.BasicTypeReference@f837c11
2025-03-06T11:06:25.384+09:00 DEBUG 14008 --- [    Test worker] org.hibernate.type.BasicTypeRegistry     : Adding type registration object -> org.hibernate.type.JavaObjectType@2078bf0a
2025-03-06T11:06:25.384+09:00 DEBUG 14008 --- [    Test worker] org.hibernate.type.BasicTypeRegistry     : Adding type registration java.lang.Object -> org.hibernate.type.JavaObjectType@2078bf0a
2025-03-06T11:06:25.384+09:00 DEBUG 14008 --- [    Test worker] org.hibernate.type.BasicTypeRegistry     : Adding type registration null -> org.hibernate.type.NullType@f6cde7e
2025-03-06T11:06:25.384+09:00 DEBUG 14008 --- [    Test worker] org.hibernate.type.BasicTypeRegistry     : Adding type registration imm_date -> org.hibernate.type.BasicTypeReference@40fc9cce
2025-03-06T11:06:25.384+09:00 DEBUG 14008 --- [    Test worker] org.hibernate.type.BasicTypeRegistry     : Adding type registration imm_time -> org.hibernate.type.BasicTypeReference@bb526c
2025-03-06T11:06:25.384+09:00 DEBUG 14008 --- [    Test worker] org.hibernate.type.BasicTypeRegistry     : Adding type registration imm_timestamp -> org.hibernate.type.BasicTypeReference@2a71f2c1
2025-03-06T11:06:25.384+09:00 DEBUG 14008 --- [    Test worker] org.hibernate.type.BasicTypeRegistry     : Adding type registration imm_calendar -> org.hibernate.type.BasicTypeReference@3d228c48
2025-03-06T11:06:25.384+09:00 DEBUG 14008 --- [    Test worker] org.hibernate.type.BasicTypeRegistry     : Adding type registration imm_calendar_date -> org.hibernate.type.BasicTypeReference@191c7dce
2025-03-06T11:06:25.384+09:00 DEBUG 14008 --- [    Test worker] org.hibernate.type.BasicTypeRegistry     : Adding type registration imm_calendar_time -> org.hibernate.type.BasicTypeReference@436e64b3
2025-03-06T11:06:25.384+09:00 DEBUG 14008 --- [    Test worker] org.hibernate.type.BasicTypeRegistry     : Adding type registration imm_binary -> org.hibernate.type.BasicTypeReference@662c71e5
2025-03-06T11:06:25.384+09:00 DEBUG 14008 --- [    Test worker] org.hibernate.type.BasicTypeRegistry     : Adding type registration imm_serializable -> org.hibernate.type.BasicTypeReference@4f45e1a4
2025-03-06T11:06:25.395+09:00  INFO 14008 --- [    Test worker] o.s.o.j.p.SpringPersistenceUnitInfo      : No LoadTimeWeaver setup: ignoring JPA class transformer
2025-03-06T11:06:25.396+09:00  INFO 14008 --- [    Test worker] com.zaxxer.hikari.HikariDataSource       : HikariPool-2 - Starting...
2025-03-06T11:06:25.400+09:00  INFO 14008 --- [    Test worker] com.zaxxer.hikari.pool.HikariPool        : HikariPool-2 - Added connection com.mysql.cj.jdbc.ConnectionImpl@1db078d9
2025-03-06T11:06:25.400+09:00  INFO 14008 --- [    Test worker] com.zaxxer.hikari.HikariDataSource       : HikariPool-2 - Start completed.
2025-03-06T11:06:25.400+09:00  WARN 14008 --- [    Test worker] org.hibernate.orm.deprecation            : HHH90000025: MySQL8Dialect does not need to be specified explicitly using 'hibernate.dialect' (remove the property setting and it will be selected by default)
2025-03-06T11:06:25.400+09:00  WARN 14008 --- [    Test worker] org.hibernate.orm.deprecation            : HHH90000026: MySQL8Dialect has been deprecated; use org.hibernate.dialect.MySQLDialect instead
2025-03-06T11:06:25.400+09:00 DEBUG 14008 --- [    Test worker] o.h.t.d.sql.spi.DdlTypeRegistry          : addDescriptor(12, org.hibernate.type.descriptor.sql.internal.CapacityDependentDdlType@89d4a1a) replaced previous registration(org.hibernate.type.descriptor.sql.internal.CapacityDependentDdlType@9fd26ec)
2025-03-06T11:06:25.400+09:00 DEBUG 14008 --- [    Test worker] o.h.t.d.sql.spi.DdlTypeRegistry          : addDescriptor(-9, org.hibernate.type.descriptor.sql.internal.CapacityDependentDdlType@de48412) replaced previous registration(org.hibernate.type.descriptor.sql.internal.CapacityDependentDdlType@138c53c7)
2025-03-06T11:06:25.401+09:00 DEBUG 14008 --- [    Test worker] o.h.t.d.sql.spi.DdlTypeRegistry          : addDescriptor(-3, org.hibernate.type.descriptor.sql.internal.CapacityDependentDdlType@71231636) replaced previous registration(org.hibernate.type.descriptor.sql.internal.CapacityDependentDdlType@110984b8)
2025-03-06T11:06:25.401+09:00 DEBUG 14008 --- [    Test worker] o.h.t.d.sql.spi.DdlTypeRegistry          : addDescriptor(4003, org.hibernate.type.descriptor.sql.internal.DdlTypeImpl@3864569f) replaced previous registration(org.hibernate.type.descriptor.sql.internal.DdlTypeImpl@4987383f)
2025-03-06T11:06:25.401+09:00 DEBUG 14008 --- [    Test worker] o.h.t.d.sql.spi.DdlTypeRegistry          : addDescriptor(4001, org.hibernate.type.descriptor.sql.internal.DdlTypeImpl@20fc059f) replaced previous registration(org.hibernate.type.descriptor.sql.internal.DdlTypeImpl@7d8d797c)
2025-03-06T11:06:25.401+09:00 DEBUG 14008 --- [    Test worker] o.h.t.d.sql.spi.DdlTypeRegistry          : addDescriptor(4002, org.hibernate.type.descriptor.sql.internal.DdlTypeImpl@67c718fc) replaced previous registration(org.hibernate.type.descriptor.sql.internal.DdlTypeImpl@17f192fb)
2025-03-06T11:06:25.401+09:00 DEBUG 14008 --- [    Test worker] o.h.t.d.sql.spi.DdlTypeRegistry          : addDescriptor(2004, org.hibernate.type.descriptor.sql.internal.CapacityDependentDdlType@5761bd67) replaced previous registration(org.hibernate.type.descriptor.sql.internal.DdlTypeImpl@41b1686e)
2025-03-06T11:06:25.401+09:00 DEBUG 14008 --- [    Test worker] o.h.t.d.sql.spi.DdlTypeRegistry          : addDescriptor(2005, org.hibernate.type.descriptor.sql.internal.CapacityDependentDdlType@1eee885c) replaced previous registration(org.hibernate.type.descriptor.sql.internal.DdlTypeImpl@513b730)
2025-03-06T11:06:25.401+09:00 DEBUG 14008 --- [    Test worker] o.h.t.d.sql.spi.DdlTypeRegistry          : addDescriptor(2011, org.hibernate.type.descriptor.sql.internal.CapacityDependentDdlType@5fc3b870) replaced previous registration(org.hibernate.type.descriptor.sql.internal.DdlTypeImpl@157b59fe)
2025-03-06T11:06:25.401+09:00 DEBUG 14008 --- [    Test worker] o.h.t.d.jdbc.spi.JdbcTypeRegistry        : addDescriptor(NCharTypeDescriptor) replaced previous registration(CharTypeDescriptor)
2025-03-06T11:06:25.401+09:00 DEBUG 14008 --- [    Test worker] o.h.t.d.jdbc.spi.JdbcTypeRegistry        : addDescriptor(NVarcharTypeDescriptor) replaced previous registration(VarcharTypeDescriptor)
2025-03-06T11:06:25.401+09:00 DEBUG 14008 --- [    Test worker] o.h.t.d.jdbc.spi.JdbcTypeRegistry        : addDescriptor(LongNVarcharTypeDescriptor) replaced previous registration(LongVarcharTypeDescriptor)
2025-03-06T11:06:25.401+09:00 DEBUG 14008 --- [    Test worker] o.h.t.d.jdbc.spi.JdbcTypeRegistry        : addDescriptor(NClobTypeDescriptor(DEFAULT)) replaced previous registration(ClobTypeDescriptor(DEFAULT))
2025-03-06T11:06:25.401+09:00 DEBUG 14008 --- [    Test worker] o.h.t.d.jdbc.spi.JdbcTypeRegistry        : addDescriptor(2005, ClobTypeDescriptor(STREAM_BINDING)) replaced previous registration(ClobTypeDescriptor(DEFAULT))
2025-03-06T11:06:25.401+09:00 DEBUG 14008 --- [    Test worker] org.hibernate.type.BasicTypeRegistry     : Adding type registration null -> org.hibernate.type.NullType@7f3d9f65
2025-03-06T11:06:25.401+09:00 DEBUG 14008 --- [    Test worker] org.hibernate.type.BasicTypeRegistry     : Type registration key [null] overrode previous entry : `org.hibernate.type.NullType@f6cde7e`
2025-03-06T11:06:25.401+09:00 DEBUG 14008 --- [    Test worker] org.hibernate.type.BasicTypeRegistry     : Adding type registration org.hibernate.type.DurationType -> basicType@22(java.time.Duration,3015)
2025-03-06T11:06:25.401+09:00 DEBUG 14008 --- [    Test worker] org.hibernate.type.BasicTypeRegistry     : Adding type registration Duration -> basicType@22(java.time.Duration,3015)
2025-03-06T11:06:25.401+09:00 DEBUG 14008 --- [    Test worker] org.hibernate.type.BasicTypeRegistry     : Adding type registration java.time.Duration -> basicType@22(java.time.Duration,3015)
2025-03-06T11:06:25.401+09:00 DEBUG 14008 --- [    Test worker] org.hibernate.type.BasicTypeRegistry     : Adding type registration org.hibernate.type.OffsetDateTimeType -> basicType@23(java.time.OffsetDateTime,3003)
2025-03-06T11:06:25.401+09:00 DEBUG 14008 --- [    Test worker] org.hibernate.type.BasicTypeRegistry     : Adding type registration OffsetDateTime -> basicType@23(java.time.OffsetDateTime,3003)
2025-03-06T11:06:25.401+09:00 DEBUG 14008 --- [    Test worker] org.hibernate.type.BasicTypeRegistry     : Adding type registration java.time.OffsetDateTime -> basicType@23(java.time.OffsetDateTime,3003)
2025-03-06T11:06:25.401+09:00 DEBUG 14008 --- [    Test worker] org.hibernate.type.BasicTypeRegistry     : Adding type registration org.hibernate.type.ZonedDateTimeType -> basicType@24(java.time.ZonedDateTime,3003)
2025-03-06T11:06:25.401+09:00 DEBUG 14008 --- [    Test worker] org.hibernate.type.BasicTypeRegistry     : Adding type registration ZonedDateTime -> basicType@24(java.time.ZonedDateTime,3003)
2025-03-06T11:06:25.401+09:00 DEBUG 14008 --- [    Test worker] org.hibernate.type.BasicTypeRegistry     : Adding type registration java.time.ZonedDateTime -> basicType@24(java.time.ZonedDateTime,3003)
2025-03-06T11:06:25.401+09:00 DEBUG 14008 --- [    Test worker] org.hibernate.type.BasicTypeRegistry     : Adding type registration org.hibernate.type.OffsetTimeType -> basicType@25(java.time.OffsetTime,3007)
2025-03-06T11:06:25.401+09:00 DEBUG 14008 --- [    Test worker] org.hibernate.type.BasicTypeRegistry     : Adding type registration OffsetTime -> basicType@25(java.time.OffsetTime,3007)
2025-03-06T11:06:25.401+09:00 DEBUG 14008 --- [    Test worker] org.hibernate.type.BasicTypeRegistry     : Adding type registration java.time.OffsetTime -> basicType@25(java.time.OffsetTime,3007)
2025-03-06T11:06:25.401+09:00 DEBUG 14008 --- [    Test worker] o.h.type.spi.TypeConfiguration$Scope     : Scoping TypeConfiguration [org.hibernate.type.spi.TypeConfiguration@670f1d85] to MetadataBuildingContext [org.hibernate.boot.internal.MetadataBuildingContextRootImpl@254d292c]
2025-03-06T11:06:25.554+09:00  INFO 14008 --- [    Test worker] o.h.e.t.j.p.i.JtaPlatformInitiator       : HHH000489: No JTA platform available (set 'hibernate.transaction.jta.platform' to enable JTA platform integration)
2025-03-06T11:06:25.554+09:00 DEBUG 14008 --- [    Test worker] o.h.type.spi.TypeConfiguration$Scope     : Scoping TypeConfiguration [org.hibernate.type.spi.TypeConfiguration@670f1d85] to SessionFactoryImplementor [org.hibernate.internal.SessionFactoryImpl@37156bfb]
2025-03-06T11:06:25.554+09:00 DEBUG 14008 --- [    Test worker] org.hibernate.SQL                        : 
    alter table calendar 
       drop 
       foreign key FKhvt00xuxns16lflatvvcnr762
Hibernate: 
    alter table calendar 
       drop 
       foreign key FKhvt00xuxns16lflatvvcnr762
2025-03-06T11:06:25.566+09:00 DEBUG 14008 --- [    Test worker] org.hibernate.SQL                        : 
    alter table cart_item_tb 
       drop 
       foreign key FKt2jl3nhhvoaocjs1dwtud5eb9
Hibernate: 
    alter table cart_item_tb 
       drop 
       foreign key FKt2jl3nhhvoaocjs1dwtud5eb9
2025-03-06T11:06:25.577+09:00 DEBUG 14008 --- [    Test worker] org.hibernate.SQL                        : 
    alter table cart_item_tb 
       drop 
       foreign key FK7li1bqv8q3qsqp78v9udxea3m
Hibernate: 
    alter table cart_item_tb 
       drop 
       foreign key FK7li1bqv8q3qsqp78v9udxea3m
2025-03-06T11:06:25.588+09:00 DEBUG 14008 --- [    Test worker] org.hibernate.SQL                        : 
    alter table cart_tb 
       drop 
       foreign key FK4darm6skhid5gdngahlvh9tup
Hibernate: 
    alter table cart_tb 
       drop 
       foreign key FK4darm6skhid5gdngahlvh9tup
2025-03-06T11:06:25.596+09:00 DEBUG 14008 --- [    Test worker] org.hibernate.SQL                        : 
    alter table intention 
       drop 
       foreign key FK6qu46u8av2pq4pjg4mwvkrtas
Hibernate: 
    alter table intention 
       drop 
       foreign key FK6qu46u8av2pq4pjg4mwvkrtas
2025-03-06T11:06:25.604+09:00 DEBUG 14008 --- [    Test worker] org.hibernate.SQL                        : 
    alter table intention 
       drop 
       foreign key FKicmyi8a0cjmgap9saiufheymf
Hibernate: 
    alter table intention 
       drop 
       foreign key FKicmyi8a0cjmgap9saiufheymf
2025-03-06T11:06:25.613+09:00 DEBUG 14008 --- [    Test worker] org.hibernate.SQL                        : 
    alter table member_entity_member_role_list 
       drop 
       foreign key FKbi9uvgj9c796s6bplg830ab5b
Hibernate: 
    alter table member_entity_member_role_list 
       drop 
       foreign key FKbi9uvgj9c796s6bplg830ab5b
2025-03-06T11:06:25.620+09:00 DEBUG 14008 --- [    Test worker] org.hibernate.SQL                        : 
    alter table payment_tb 
       drop 
       foreign key FKqqt58q2hs2blpq6xiv5upk8k3
Hibernate: 
    alter table payment_tb 
       drop 
       foreign key FKqqt58q2hs2blpq6xiv5upk8k3
2025-03-06T11:06:25.628+09:00 DEBUG 14008 --- [    Test worker] org.hibernate.SQL                        : 
    alter table payment_tb 
       drop 
       foreign key FKsapbs80s9v9e9d3yygkmy35gw
Hibernate: 
    alter table payment_tb 
       drop 
       foreign key FKsapbs80s9v9e9d3yygkmy35gw
2025-03-06T11:06:25.638+09:00 DEBUG 14008 --- [    Test worker] org.hibernate.SQL                        : 
    alter table screening_tb 
       drop 
       foreign key FK9itu8caicejevrgsjwmxetqxo
Hibernate: 
    alter table screening_tb 
       drop 
       foreign key FK9itu8caicejevrgsjwmxetqxo
2025-03-06T11:06:25.649+09:00 DEBUG 14008 --- [    Test worker] org.hibernate.SQL                        : 
    alter table screening_tb 
       drop 
       foreign key FK87q3taopp42b77jo3e0x94207
Hibernate: 
    alter table screening_tb 
       drop 
       foreign key FK87q3taopp42b77jo3e0x94207
2025-03-06T11:06:25.657+09:00 DEBUG 14008 --- [    Test worker] org.hibernate.SQL                        : 
    alter table theater_tb 
       drop 
       foreign key FK7kvw3q0nca4hxdcck149v11ua
Hibernate: 
    alter table theater_tb 
       drop 
       foreign key FK7kvw3q0nca4hxdcck149v11ua
2025-03-06T11:06:25.665+09:00 DEBUG 14008 --- [    Test worker] org.hibernate.SQL                        : 
    alter table trailer_tb 
       drop 
       foreign key FKsdq69jov7iy6315twttmvlgf6
Hibernate: 
    alter table trailer_tb 
       drop 
       foreign key FKsdq69jov7iy6315twttmvlgf6
2025-03-06T11:06:25.673+09:00 DEBUG 14008 --- [    Test worker] org.hibernate.SQL                        : 
    drop table if exists answer
Hibernate: 
    drop table if exists answer
2025-03-06T11:06:25.687+09:00 DEBUG 14008 --- [    Test worker] org.hibernate.SQL                        : 
    drop table if exists calendar
Hibernate: 
    drop table if exists calendar
2025-03-06T11:06:25.700+09:00 DEBUG 14008 --- [    Test worker] org.hibernate.SQL                        : 
    drop table if exists cart_item_tb
Hibernate: 
    drop table if exists cart_item_tb
2025-03-06T11:06:25.708+09:00 DEBUG 14008 --- [    Test worker] org.hibernate.SQL                        : 
    drop table if exists cart_tb
Hibernate: 
    drop table if exists cart_tb
2025-03-06T11:06:25.717+09:00 DEBUG 14008 --- [    Test worker] org.hibernate.SQL                        : 
    drop table if exists cinema_tb
Hibernate: 
    drop table if exists cinema_tb
2025-03-06T11:06:25.726+09:00 DEBUG 14008 --- [    Test worker] org.hibernate.SQL                        : 
    drop table if exists help_message
Hibernate: 
    drop table if exists help_message
2025-03-06T11:06:25.734+09:00 DEBUG 14008 --- [    Test worker] org.hibernate.SQL                        : 
    drop table if exists intention
Hibernate: 
    drop table if exists intention
2025-03-06T11:06:25.744+09:00 DEBUG 14008 --- [    Test worker] org.hibernate.SQL                        : 
    drop table if exists member_tb
Hibernate: 
    drop table if exists member_tb
2025-03-06T11:06:25.753+09:00 DEBUG 14008 --- [    Test worker] org.hibernate.SQL                        : 
    drop table if exists member_entity_member_role_list
Hibernate: 
    drop table if exists member_entity_member_role_list
2025-03-06T11:06:25.762+09:00 DEBUG 14008 --- [    Test worker] org.hibernate.SQL                        : 
    drop table if exists movie_tb
Hibernate: 
    drop table if exists movie_tb
2025-03-06T11:06:25.770+09:00 DEBUG 14008 --- [    Test worker] org.hibernate.SQL                        : 
    drop table if exists payment_tb
Hibernate: 
    drop table if exists payment_tb
2025-03-06T11:06:25.776+09:00 DEBUG 14008 --- [    Test worker] org.hibernate.SQL                        : 
    drop table if exists screening_tb
Hibernate: 
    drop table if exists screening_tb
2025-03-06T11:06:25.784+09:00 DEBUG 14008 --- [    Test worker] org.hibernate.SQL                        : 
    drop table if exists theater_tb
Hibernate: 
    drop table if exists theater_tb
2025-03-06T11:06:25.792+09:00 DEBUG 14008 --- [    Test worker] org.hibernate.SQL                        : 
    drop table if exists trailer_tb
Hibernate: 
    drop table if exists trailer_tb
2025-03-06T11:06:25.800+09:00 DEBUG 14008 --- [    Test worker] org.hibernate.SQL                        : 
    create table answer (
        no bigint not null auto_increment,
        content varchar(255),
        keyword varchar(255),
        primary key (no)
    ) engine=InnoDB
Hibernate: 
    create table answer (
        no bigint not null auto_increment,
        content varchar(255),
        keyword varchar(255),
        primary key (no)
    ) engine=InnoDB
2025-03-06T11:06:25.812+09:00 DEBUG 14008 --- [    Test worker] org.hibernate.SQL                        : 
    create table calendar (
        end datetime(6) not null,
        id bigint not null auto_increment,
        start datetime(6) not null,
        content varchar(255) not null,
        member_id varchar(255),
        primary key (id)
    ) engine=InnoDB
Hibernate: 
    create table calendar (
        end datetime(6) not null,
        id bigint not null auto_increment,
        start datetime(6) not null,
        content varchar(255) not null,
        member_id varchar(255),
        primary key (id)
    ) engine=InnoDB
2025-03-06T11:06:25.827+09:00 DEBUG 14008 --- [    Test worker] org.hibernate.SQL                        : 
    create table cart_item_tb (
        price integer not null,
        status integer not null,
        cart_id bigint not null,
        cart_item_id bigint not null auto_increment,
        create_time datetime(6),
        screening_id bigint not null,
        update_time datetime(6),
        seat_number varchar(255) not null,
        primary key (cart_item_id)
    ) engine=InnoDB
Hibernate: 
    create table cart_item_tb (
        price integer not null,
        status integer not null,
        cart_id bigint not null,
        cart_item_id bigint not null auto_increment,
        create_time datetime(6),
        screening_id bigint not null,
        update_time datetime(6),
        seat_number varchar(255) not null,
        primary key (cart_item_id)
    ) engine=InnoDB
2025-03-06T11:06:25.845+09:00 DEBUG 14008 --- [    Test worker] org.hibernate.SQL                        : 
    create table cart_tb (
        cart_id bigint not null auto_increment,
        create_time datetime(6),
        update_time datetime(6),
        member_id varchar(255) not null,
        primary key (cart_id)
    ) engine=InnoDB
Hibernate: 
    create table cart_tb (
        cart_id bigint not null auto_increment,
        create_time datetime(6),
        update_time datetime(6),
        member_id varchar(255) not null,
        primary key (cart_id)
    ) engine=InnoDB
2025-03-06T11:06:25.861+09:00 DEBUG 14008 --- [    Test worker] org.hibernate.SQL                        : 
    create table cinema_tb (
        lat float(53) not null,
        lon float(53) not null,
        cinema_id bigint not null auto_increment,
        create_time datetime(6),
        update_time datetime(6),
        address varchar(255),
        cinema_name varchar(255),
        region varchar(255),
        primary key (cinema_id)
    ) engine=InnoDB
Hibernate: 
    create table cinema_tb (
        lat float(53) not null,
        lon float(53) not null,
        cinema_id bigint not null auto_increment,
        create_time datetime(6),
        update_time datetime(6),
        address varchar(255),
        cinema_name varchar(255),
        region varchar(255),
        primary key (cinema_id)
    ) engine=InnoDB
2025-03-06T11:06:25.876+09:00 DEBUG 14008 --- [    Test worker] org.hibernate.SQL                        : 
    create table help_message (
        id bigint not null auto_increment,
        message varchar(255),
        primary key (id)
    ) engine=InnoDB
Hibernate: 
    create table help_message (
        id bigint not null auto_increment,
        message varchar(255),
        primary key (id)
    ) engine=InnoDB
2025-03-06T11:06:25.890+09:00 DEBUG 14008 --- [    Test worker] org.hibernate.SQL                        : 
    create table intention (
        answer_no bigint,
        no bigint not null auto_increment,
        upper_no bigint,
        name varchar(255),
        primary key (no)
    ) engine=InnoDB
Hibernate: 
    create table intention (
        answer_no bigint,
        no bigint not null auto_increment,
        upper_no bigint,
        name varchar(255),
        primary key (no)
    ) engine=InnoDB
2025-03-06T11:06:25.903+09:00 DEBUG 14008 --- [    Test worker] org.hibernate.SQL                        : 
    create table member_tb (
        social bit not null,
        create_time datetime(6),
        update_time datetime(6),
        email varchar(255) not null,
        nickname varchar(255),
        pw varchar(255),
        primary key (email)
    ) engine=InnoDB
Hibernate: 
    create table member_tb (
        social bit not null,
        create_time datetime(6),
        update_time datetime(6),
        email varchar(255) not null,
        nickname varchar(255),
        pw varchar(255),
        primary key (email)
    ) engine=InnoDB
2025-03-06T11:06:25.917+09:00 DEBUG 14008 --- [    Test worker] org.hibernate.SQL                        : 
    create table member_entity_member_role_list (
        member_role_list tinyint,
        member_entity_email varchar(255) not null
    ) engine=InnoDB
Hibernate: 
    create table member_entity_member_role_list (
        member_role_list tinyint,
        member_entity_email varchar(255) not null
    ) engine=InnoDB
2025-03-06T11:06:25.931+09:00 DEBUG 14008 --- [    Test worker] org.hibernate.SQL                        : 
    create table movie_tb (
        create_time datetime(6),
        movie_id bigint not null auto_increment,
        update_time datetime(6),
        audi_acc varchar(255) not null,
        backdrop_path varchar(255),
        director varchar(255) not null,
        genres varchar(255) not null,
        movie_cd varchar(255) not null,
        movie_nm varchar(255) not null,
        movie_rank varchar(255),
        open_dt varchar(255) not null,
        overview TEXT,
        poster_path varchar(255),
        run_time varchar(255) not null,
        primary key (movie_id)
    ) engine=InnoDB
Hibernate: 
    create table movie_tb (
        create_time datetime(6),
        movie_id bigint not null auto_increment,
        update_time datetime(6),
        audi_acc varchar(255) not null,
        backdrop_path varchar(255),
        director varchar(255) not null,
        genres varchar(255) not null,
        movie_cd varchar(255) not null,
        movie_nm varchar(255) not null,
        movie_rank varchar(255),
        open_dt varchar(255) not null,
        overview TEXT,
        poster_path varchar(255),
        run_time varchar(255) not null,
        primary key (movie_id)
    ) engine=InnoDB
2025-03-06T11:06:25.947+09:00 DEBUG 14008 --- [    Test worker] org.hibernate.SQL                        : 
    create table payment_tb (
        total_amount integer not null,
        cart_item_id bigint not null,
        create_time datetime(6),
        payment_id bigint not null auto_increment,
        update_time datetime(6),
        member_id varchar(255) not null,
        payment_method varchar(255) not null,
        primary key (payment_id)
    ) engine=InnoDB
Hibernate: 
    create table payment_tb (
        total_amount integer not null,
        cart_item_id bigint not null,
        create_time datetime(6),
        payment_id bigint not null auto_increment,
        update_time datetime(6),
        member_id varchar(255) not null,
        payment_method varchar(255) not null,
        primary key (payment_id)
    ) engine=InnoDB
2025-03-06T11:06:25.960+09:00 DEBUG 14008 --- [    Test worker] org.hibernate.SQL                        : 
    create table screening_tb (
        screening_date date not null,
        screening_end_time time(6) not null,
        screening_time time(6) not null,
        create_time datetime(6),
        movie_id bigint,
        screening_id bigint not null auto_increment,
        theater_id bigint,
        update_time datetime(6),
        primary key (screening_id)
    ) engine=InnoDB
Hibernate: 
    create table screening_tb (
        screening_date date not null,
        screening_end_time time(6) not null,
        screening_time time(6) not null,
        create_time datetime(6),
        movie_id bigint,
        screening_id bigint not null auto_increment,
        theater_id bigint,
        update_time datetime(6),
        primary key (screening_id)
    ) engine=InnoDB
2025-03-06T11:06:25.973+09:00 DEBUG 14008 --- [    Test worker] org.hibernate.SQL                        : 
    create table theater_tb (
        cinema_id bigint,
        create_time datetime(6),
        theater_id bigint not null auto_increment,
        update_time datetime(6),
        name varchar(255) not null,
        primary key (theater_id)
    ) engine=InnoDB
Hibernate: 
    create table theater_tb (
        cinema_id bigint,
        create_time datetime(6),
        theater_id bigint not null auto_increment,
        update_time datetime(6),
        name varchar(255) not null,
        primary key (theater_id)
    ) engine=InnoDB
2025-03-06T11:06:25.988+09:00 DEBUG 14008 --- [    Test worker] org.hibernate.SQL                        : 
    create table trailer_tb (
        id bigint not null auto_increment,
        movie_id bigint,
        `name` varchar(255),
        type varchar(255),
        url varchar(255),
        primary key (id)
    ) engine=InnoDB
Hibernate: 
    create table trailer_tb (
        id bigint not null auto_increment,
        movie_id bigint,
        `name` varchar(255),
        type varchar(255),
        url varchar(255),
        primary key (id)
    ) engine=InnoDB
2025-03-06T11:06:26.003+09:00 DEBUG 14008 --- [    Test worker] org.hibernate.SQL                        : 
    alter table cinema_tb 
       add constraint UK31wk9wf467gbk447rgr2nc4c2 unique (cinema_name)
Hibernate: 
    alter table cinema_tb 
       add constraint UK31wk9wf467gbk447rgr2nc4c2 unique (cinema_name)
2025-03-06T11:06:26.013+09:00 DEBUG 14008 --- [    Test worker] org.hibernate.SQL                        : 
    alter table movie_tb 
       add constraint UKbqyortny29dydap2fnkt5n2sj unique (movie_cd, create_time)
Hibernate: 
    alter table movie_tb 
       add constraint UKbqyortny29dydap2fnkt5n2sj unique (movie_cd, create_time)
2025-03-06T11:06:26.025+09:00 DEBUG 14008 --- [    Test worker] org.hibernate.SQL                        : 
    alter table payment_tb 
       add constraint UKh2lta0tsvjmqr243lsq4fruon unique (cart_item_id)
Hibernate: 
    alter table payment_tb 
       add constraint UKh2lta0tsvjmqr243lsq4fruon unique (cart_item_id)
2025-03-06T11:06:26.037+09:00 DEBUG 14008 --- [    Test worker] org.hibernate.SQL                        : 
    alter table screening_tb 
       add constraint UKqnk7jqr5f05c38t39xa9ncb11 unique (theater_id, screening_date, screening_time)
Hibernate: 
    alter table screening_tb 
       add constraint UKqnk7jqr5f05c38t39xa9ncb11 unique (theater_id, screening_date, screening_time)
2025-03-06T11:06:26.049+09:00 DEBUG 14008 --- [    Test worker] org.hibernate.SQL                        : 
    alter table calendar 
       add constraint FKhvt00xuxns16lflatvvcnr762 
       foreign key (member_id) 
       references member_tb (email)
Hibernate: 
    alter table calendar 
       add constraint FKhvt00xuxns16lflatvvcnr762 
       foreign key (member_id) 
       references member_tb (email)
2025-03-06T11:06:26.089+09:00 DEBUG 14008 --- [    Test worker] org.hibernate.SQL                        : 
    alter table cart_item_tb 
       add constraint FKt2jl3nhhvoaocjs1dwtud5eb9 
       foreign key (cart_id) 
       references cart_tb (cart_id)
Hibernate: 
    alter table cart_item_tb 
       add constraint FKt2jl3nhhvoaocjs1dwtud5eb9 
       foreign key (cart_id) 
       references cart_tb (cart_id)
2025-03-06T11:06:26.137+09:00 DEBUG 14008 --- [    Test worker] org.hibernate.SQL                        : 
    alter table cart_item_tb 
       add constraint FK7li1bqv8q3qsqp78v9udxea3m 
       foreign key (screening_id) 
       references screening_tb (screening_id)
Hibernate: 
    alter table cart_item_tb 
       add constraint FK7li1bqv8q3qsqp78v9udxea3m 
       foreign key (screening_id) 
       references screening_tb (screening_id)
2025-03-06T11:06:26.188+09:00 DEBUG 14008 --- [    Test worker] org.hibernate.SQL                        : 
    alter table cart_tb 
       add constraint FK4darm6skhid5gdngahlvh9tup 
       foreign key (member_id) 
       references member_tb (email)
Hibernate: 
    alter table cart_tb 
       add constraint FK4darm6skhid5gdngahlvh9tup 
       foreign key (member_id) 
       references member_tb (email)
2025-03-06T11:06:26.239+09:00 DEBUG 14008 --- [    Test worker] org.hibernate.SQL                        : 
    alter table intention 
       add constraint FK6qu46u8av2pq4pjg4mwvkrtas 
       foreign key (answer_no) 
       references answer (no)
Hibernate: 
    alter table intention 
       add constraint FK6qu46u8av2pq4pjg4mwvkrtas 
       foreign key (answer_no) 
       references answer (no)
2025-03-06T11:06:26.299+09:00 DEBUG 14008 --- [    Test worker] org.hibernate.SQL                        : 
    alter table intention 
       add constraint FKicmyi8a0cjmgap9saiufheymf 
       foreign key (upper_no) 
       references intention (no)
Hibernate: 
    alter table intention 
       add constraint FKicmyi8a0cjmgap9saiufheymf 
       foreign key (upper_no) 
       references intention (no)
2025-03-06T11:06:26.343+09:00 DEBUG 14008 --- [    Test worker] org.hibernate.SQL                        : 
    alter table member_entity_member_role_list 
       add constraint FKbi9uvgj9c796s6bplg830ab5b 
       foreign key (member_entity_email) 
       references member_tb (email)
Hibernate: 
    alter table member_entity_member_role_list 
       add constraint FKbi9uvgj9c796s6bplg830ab5b 
       foreign key (member_entity_email) 
       references member_tb (email)
2025-03-06T11:06:26.389+09:00 DEBUG 14008 --- [    Test worker] org.hibernate.SQL                        : 
    alter table payment_tb 
       add constraint FKqqt58q2hs2blpq6xiv5upk8k3 
       foreign key (cart_item_id) 
       references cart_item_tb (cart_item_id)
Hibernate: 
    alter table payment_tb 
       add constraint FKqqt58q2hs2blpq6xiv5upk8k3 
       foreign key (cart_item_id) 
       references cart_item_tb (cart_item_id)
2025-03-06T11:06:26.441+09:00 DEBUG 14008 --- [    Test worker] org.hibernate.SQL                        : 
    alter table payment_tb 
       add constraint FKsapbs80s9v9e9d3yygkmy35gw 
       foreign key (member_id) 
       references member_tb (email)
Hibernate: 
    alter table payment_tb 
       add constraint FKsapbs80s9v9e9d3yygkmy35gw 
       foreign key (member_id) 
       references member_tb (email)
2025-03-06T11:06:26.485+09:00 DEBUG 14008 --- [    Test worker] org.hibernate.SQL                        : 
    alter table screening_tb 
       add constraint FK9itu8caicejevrgsjwmxetqxo 
       foreign key (movie_id) 
       references movie_tb (movie_id)
Hibernate: 
    alter table screening_tb 
       add constraint FK9itu8caicejevrgsjwmxetqxo 
       foreign key (movie_id) 
       references movie_tb (movie_id)
2025-03-06T11:06:26.536+09:00 DEBUG 14008 --- [    Test worker] org.hibernate.SQL                        : 
    alter table screening_tb 
       add constraint FK87q3taopp42b77jo3e0x94207 
       foreign key (theater_id) 
       references theater_tb (theater_id)
Hibernate: 
    alter table screening_tb 
       add constraint FK87q3taopp42b77jo3e0x94207 
       foreign key (theater_id) 
       references theater_tb (theater_id)
2025-03-06T11:06:26.589+09:00 DEBUG 14008 --- [    Test worker] org.hibernate.SQL                        : 
    alter table theater_tb 
       add constraint FK7kvw3q0nca4hxdcck149v11ua 
       foreign key (cinema_id) 
       references cinema_tb (cinema_id)
Hibernate: 
    alter table theater_tb 
       add constraint FK7kvw3q0nca4hxdcck149v11ua 
       foreign key (cinema_id) 
       references cinema_tb (cinema_id)
2025-03-06T11:06:26.633+09:00 DEBUG 14008 --- [    Test worker] org.hibernate.SQL                        : 
    alter table trailer_tb 
       add constraint FKsdq69jov7iy6315twttmvlgf6 
       foreign key (movie_id) 
       references movie_tb (movie_id)
Hibernate: 
    alter table trailer_tb 
       add constraint FKsdq69jov7iy6315twttmvlgf6 
       foreign key (movie_id) 
       references movie_tb (movie_id)
2025-03-06T11:06:26.678+09:00 TRACE 14008 --- [    Test worker] o.h.type.spi.TypeConfiguration$Scope     : Handling #sessionFactoryCreated from [org.hibernate.internal.SessionFactoryImpl@37156bfb] for TypeConfiguration
2025-03-06T11:06:26.678+09:00  INFO 14008 --- [    Test worker] j.LocalContainerEntityManagerFactoryBean : Initialized JPA EntityManagerFactory for persistence unit 'default'
2025-03-06T11:06:26.761+09:00 DEBUG 14008 --- [    Test worker] org.hibernate.SQL                        : 
    select
        me1_0.movie_id,
        me1_0.audi_acc,
        me1_0.backdrop_path,
        me1_0.create_time,
        me1_0.director,
        me1_0.genres,
        me1_0.movie_cd,
        me1_0.movie_nm,
        me1_0.open_dt,
        me1_0.overview,
        me1_0.poster_path,
        me1_0.movie_rank,
        me1_0.run_time,
        me1_0.update_time 
    from
        movie_tb me1_0
Hibernate: 
    select
        me1_0.movie_id,
        me1_0.audi_acc,
        me1_0.backdrop_path,
        me1_0.create_time,
        me1_0.director,
        me1_0.genres,
        me1_0.movie_cd,
        me1_0.movie_nm,
        me1_0.open_dt,
        me1_0.overview,
        me1_0.poster_path,
        me1_0.movie_rank,
        me1_0.run_time,
        me1_0.update_time 
    from
        movie_tb me1_0
2025-03-06T11:06:26.765+09:00 DEBUG 14008 --- [    Test worker] org.hibernate.SQL                        : 
    select
        ce1_0.cinema_id,
        ce1_0.address,
        ce1_0.cinema_name,
        ce1_0.create_time,
        ce1_0.lat,
        ce1_0.lon,
        ce1_0.region,
        ce1_0.update_time 
    from
        cinema_tb ce1_0
Hibernate: 
    select
        ce1_0.cinema_id,
        ce1_0.address,
        ce1_0.cinema_name,
        ce1_0.create_time,
        ce1_0.lat,
        ce1_0.lon,
        ce1_0.region,
        ce1_0.update_time 
    from
        cinema_tb ce1_0
2025-03-06T11:06:26.768+09:00 DEBUG 14008 --- [    Test worker] org.hibernate.SQL                        : 
    select
        hme1_0.id,
        hme1_0.message 
    from
        help_message hme1_0
Hibernate: 
    select
        hme1_0.id,
        hme1_0.message 
    from
        help_message hme1_0
占싯댐옙
占쏙옙 占쏙옙占쏙옙, 占쎌리占쏙옙 占쏙옙占쏙옙占쌩댐옙 占쌀놂옙
占쏙옙천
속초
占쌜듸옙
조회
占쏙옙占썹스타占십듸옙
?뜑 遺??떚?겕 紐⑸룞?쁽??諛깊솕?젏
紐⑸줉
占쏙옙회
대전
占쏙옙占쎈문
誘명궎 17
패딩턴: 페루에 가다!
안녕
?끉?궛
愿묒＜?긽臾?
순천
占쏙옙占싱곤옙占쏙옙
제주아라
남춘천
媛뺣룞
광주하남
더 부티크 목동현대백화점
愿묐챸?냼?븯
?젣二쇱궪?솕
강남
議고쉶
영화 조회
괜찮아 괜찮아 괜찮아! 
?룞??臾?
占쏙옙占쏙옙占쏙옙占쏙옙
占싻듸옙占쏙옙: 占쏙옙占?? 占쏙옙占쏙옙!
그 시절, 우리가 좋아했던 소녀
군자
?씠李ъ썝 肄섏꽌?듃 李ш?: ?뵒?뼱 留덉씠 李ъ뒪
???쟾?떊?꽭怨? ?븘?듃?븻?궗?씠?뼵?뒪
첫 번째 키스
금정AK플라자
媛뺣궓
힘내라 대한민국
占쏙옙占쏙옙
占쏙옙占시몌옙트 占쏙옙占쏙옙
원주혁신
占쏙옙營뵀몌옙茄占?
김천
占쏙옙占쏙옙耉占?
占쏙옙화
占쏙옙占쌍삼옙
?쁺醫?
罹≫떞 ?븘硫붾━移?: 釉뚮젅?씠釉? ?돱 ?썡?뱶
?븞?뀞
송도
紐⑺룷?븯?떦(?룷瑜대え)
목포하당(포르모)
?눜留덈줉
광명소하
???쟾
占쏙옙占쏙옙占쏙옙 占쌤쇽옙트 占쏙옙占쏙옙: 占쏙옙占? 占쏙옙占쏙옙 占쏙옙占쏙옙
愿쒖갖?븘 愿쒖갖?븘 愿쒖갖?븘! 
광주상무
동대문
占쏙옙占쌍아띰옙
영화
영화관 조회
도움말
占쏙옙占쌍삼옙화
강동
이찬원 콘서트 찬가: 디어 마이 찬스
?뙣?뵫?꽩: ?럹猷⑥뿉 媛??떎!
?쁺?솕愿? ?쐞移?
占쏙옙 占쏙옙티크 占쏙옙占쏙옙占쏙옙占싫?占쏙옙
캡틴 占싣메몌옙카: 占쎄레占싱븝옙 占쏙옙 占쏙옙占쏙옙
제주삼화
占싫놂옙
?궓異섏쿇
검단
?쁺?솕
경산하양
占쏙옙占?
占쏙옙占쏙옙占쏙옙 占쏙옙占싼민깍옙
寃쎈턿?룄泥?
占쏙옙화占쏙옙 占쏙옙회
占쏙옙占쏙옙占싹놂옙
怨듭＜
占쏙옙화占쏙옙
援곗옄
而댄뵆由ы듃 ?뼵?끂?슫
占쏙옙占쏙옙占쏙옙占?
?썝二쇳쁺?떊
占쏙옙占쏙옙占싹늘듸옙占쏙옙
고양스타필드
?젣二쇱꽌洹??룷
占쏙옙천占쏙옙占쏙옙
洹? ?떆?젅, ?슦由ш? 醫뗭븘?뻽?뜕 ?냼??
占쏜마뤄옙
寃쎌궛?븯?뼇
퇴마록
논산
영화관 위치
愿묒＜?븯?궓
컴플리트 언노운
占쏙옙占??
?닚泥?
경북도청
미키 17
공주
愿묐챸AK?뵆?씪?옄
占쏙옙占쏙옙占쏙옙 占쌤쇽옙트 占쏙옙占쏙옙: 占쏙옙占?? 占쏙옙占쏙옙 占쏙옙占쏙옙
怨좎뼇?뒪???븘?뱶
占쏙옙占쏙옙占싹댐옙(占쏙옙占쏙옙占쏙옙)
寃??떒
占쏙옙溝占시?
占쏙옙占쌍쇽옙占쏙옙占쏙옙
광명AK플라자
영종
춘천석사
목록
제주서귀포
占쏙옙占쏙옙AK占시띰옙占쏙옙
占쏙옙화 占쏙옙회
源?泥?
占쏙옙화占쏙옙 占쏙옙치
占쏙옙溝占쏙옙?
湲덉젙AK?뵆?씪?옄
援щ?멸컯?룞
?쁺?솕愿? 議고쉶
첫 占쏙옙째 키占쏙옙
?넚?룄
占싻듸옙占쏙옙: 占쏙옙玲? 占쏙옙占쏙옙!
?쁺?솕 議고쉶
占쏙옙占쏙옙천
?냽珥?
캡틴 아메리카: 브레이브 뉴 월드
占쏙옙占쏙옙耉占??
구미강동
占쏙옙키 17
대전신세계 아트앤사이언스
?옒?궡?씪 ???븳誘쇨뎅
占쏙옙占쏙옙占신쇽옙占쏙옙 占쏙옙트占쌔삼옙占싱억옙
영종하늘도시
?쁺?솕愿?
?젣二쇱븘?씪
영화관
?쁺醫낇븯?뒛?룄?떆
異섏쿇?꽍?궗
占쏙옙 占쏙옙티크 占쏙옙占쏙옙占쏙옙占쏙옙?占쏙옙
占쏙옙占쏙옙占쏙옙 占쏙옙占쏙옙占쏙옙 占쏙옙占쏙옙占쏙옙! 
泥? 踰덉㎏ ?궎?뒪
2025-03-06T11:06:27.033+09:00  WARN 14008 --- [    Test worker] JpaBaseConfiguration$JpaWebConfiguration : spring.jpa.open-in-view is enabled by default. Therefore, database queries may be performed during view rendering. Explicitly configure spring.jpa.open-in-view to disable this warning
2025-03-06T11:06:27.039+09:00  INFO 14008 --- [    Test worker] r$InitializeUserDetailsManagerConfigurer : Global AuthenticationManager configured with UserDetailsService bean with name customUserDetailsService
2025-03-06T11:06:27.618+09:00  INFO 14008 --- [    Test worker] o.s.m.s.b.SimpleBrokerMessageHandler     : Starting...
2025-03-06T11:06:27.618+09:00  INFO 14008 --- [    Test worker] o.s.m.s.b.SimpleBrokerMessageHandler     : BrokerAvailabilityEvent[available=true, SimpleBrokerMessageHandler [org.springframework.messaging.simp.broker.DefaultSubscriptionRegistry@5aaa3740]]
2025-03-06T11:06:27.618+09:00  INFO 14008 --- [    Test worker] o.s.m.s.b.SimpleBrokerMessageHandler     : Started.
2025-03-06T11:06:27.618+09:00  INFO 14008 --- [    Test worker] org.spring.moviepj.theater.Theater       : Started Theater in 2.571 seconds (process running for 16.594)
2025-03-06T11:06:27.618+09:00 DEBUG 14008 --- [    Test worker] org.hibernate.SQL                        : 
    select
        count(*) 
    from
        cinema_tb ce1_0
Hibernate: 
    select
        count(*) 
    from
        cinema_tb ce1_0
CinemaEntity 데이터가 없어 크롤링을 시작합니다.
2025-03-06T11:06:27.778+09:00 DEBUG 14008 --- [    Test worker] org.hibernate.SQL                        : 
    select
        ce1_0.cinema_id 
    from
        cinema_tb ce1_0 
    where
        ce1_0.cinema_name=? 
    limit
        ?
Hibernate: 
    select
        ce1_0.cinema_id 
    from
        cinema_tb ce1_0 
    where
        ce1_0.cinema_name=? 
    limit
        ?
2025-03-06T11:06:27.901+09:00 DEBUG 14008 --- [    Test worker] org.hibernate.SQL                        : 
    select
        ce1_0.cinema_id 
    from
        cinema_tb ce1_0 
    where
        ce1_0.cinema_name=? 
    limit
        ?
Hibernate: 
    select
        ce1_0.cinema_id 
    from
        cinema_tb ce1_0 
    where
        ce1_0.cinema_name=? 
    limit
        ?
2025-03-06T11:06:28.011+09:00 DEBUG 14008 --- [    Test worker] org.hibernate.SQL                        : 
    select
        ce1_0.cinema_id 
    from
        cinema_tb ce1_0 
    where
        ce1_0.cinema_name=? 
    limit
        ?
Hibernate: 
    select
        ce1_0.cinema_id 
    from
        cinema_tb ce1_0 
    where
        ce1_0.cinema_name=? 
    limit
        ?
2025-03-06T11:06:28.129+09:00 DEBUG 14008 --- [    Test worker] org.hibernate.SQL                        : 
    select
        ce1_0.cinema_id 
    from
        cinema_tb ce1_0 
    where
        ce1_0.cinema_name=? 
    limit
        ?
Hibernate: 
    select
        ce1_0.cinema_id 
    from
        cinema_tb ce1_0 
    where
        ce1_0.cinema_name=? 
    limit
        ?
2025-03-06T11:06:28.244+09:00 DEBUG 14008 --- [    Test worker] org.hibernate.SQL                        : 
    select
        ce1_0.cinema_id 
    from
        cinema_tb ce1_0 
    where
        ce1_0.cinema_name=? 
    limit
        ?
Hibernate: 
    select
        ce1_0.cinema_id 
    from
        cinema_tb ce1_0 
    where
        ce1_0.cinema_name=? 
    limit
        ?
2025-03-06T11:06:28.375+09:00 DEBUG 14008 --- [    Test worker] org.hibernate.SQL                        : 
    select
        ce1_0.cinema_id 
    from
        cinema_tb ce1_0 
    where
        ce1_0.cinema_name=? 
    limit
        ?
Hibernate: 
    select
        ce1_0.cinema_id 
    from
        cinema_tb ce1_0 
    where
        ce1_0.cinema_name=? 
    limit
        ?
2025-03-06T11:06:28.485+09:00 DEBUG 14008 --- [    Test worker] org.hibernate.SQL                        : 
    select
        ce1_0.cinema_id 
    from
        cinema_tb ce1_0 
    where
        ce1_0.cinema_name=? 
    limit
        ?
Hibernate: 
    select
        ce1_0.cinema_id 
    from
        cinema_tb ce1_0 
    where
        ce1_0.cinema_name=? 
    limit
        ?
2025-03-06T11:06:28.586+09:00 DEBUG 14008 --- [    Test worker] org.hibernate.SQL                        : 
    select
        ce1_0.cinema_id 
    from
        cinema_tb ce1_0 
    where
        ce1_0.cinema_name=? 
    limit
        ?
Hibernate: 
    select
        ce1_0.cinema_id 
    from
        cinema_tb ce1_0 
    where
        ce1_0.cinema_name=? 
    limit
        ?
2025-03-06T11:06:28.689+09:00 DEBUG 14008 --- [    Test worker] org.hibernate.SQL                        : 
    select
        ce1_0.cinema_id 
    from
        cinema_tb ce1_0 
    where
        ce1_0.cinema_name=? 
    limit
        ?
Hibernate: 
    select
        ce1_0.cinema_id 
    from
        cinema_tb ce1_0 
    where
        ce1_0.cinema_name=? 
    limit
        ?
2025-03-06T11:06:28.826+09:00 DEBUG 14008 --- [    Test worker] org.hibernate.SQL                        : 
    select
        ce1_0.cinema_id 
    from
        cinema_tb ce1_0 
    where
        ce1_0.cinema_name=? 
    limit
        ?
Hibernate: 
    select
        ce1_0.cinema_id 
    from
        cinema_tb ce1_0 
    where
        ce1_0.cinema_name=? 
    limit
        ?
2025-03-06T11:06:28.935+09:00 DEBUG 14008 --- [    Test worker] org.hibernate.SQL                        : 
    select
        ce1_0.cinema_id 
    from
        cinema_tb ce1_0 
    where
        ce1_0.cinema_name=? 
    limit
        ?
Hibernate: 
    select
        ce1_0.cinema_id 
    from
        cinema_tb ce1_0 
    where
        ce1_0.cinema_name=? 
    limit
        ?
2025-03-06T11:06:29.053+09:00 DEBUG 14008 --- [    Test worker] org.hibernate.SQL                        : 
    select
        ce1_0.cinema_id 
    from
        cinema_tb ce1_0 
    where
        ce1_0.cinema_name=? 
    limit
        ?
Hibernate: 
    select
        ce1_0.cinema_id 
    from
        cinema_tb ce1_0 
    where
        ce1_0.cinema_name=? 
    limit
        ?
2025-03-06T11:06:29.188+09:00 DEBUG 14008 --- [    Test worker] org.hibernate.SQL                        : 
    select
        ce1_0.cinema_id 
    from
        cinema_tb ce1_0 
    where
        ce1_0.cinema_name=? 
    limit
        ?
Hibernate: 
    select
        ce1_0.cinema_id 
    from
        cinema_tb ce1_0 
    where
        ce1_0.cinema_name=? 
    limit
        ?
2025-03-06T11:06:29.291+09:00 DEBUG 14008 --- [    Test worker] org.hibernate.SQL                        : 
    select
        ce1_0.cinema_id 
    from
        cinema_tb ce1_0 
    where
        ce1_0.cinema_name=? 
    limit
        ?
Hibernate: 
    select
        ce1_0.cinema_id 
    from
        cinema_tb ce1_0 
    where
        ce1_0.cinema_name=? 
    limit
        ?
2025-03-06T11:06:29.403+09:00 DEBUG 14008 --- [    Test worker] org.hibernate.SQL                        : 
    select
        ce1_0.cinema_id 
    from
        cinema_tb ce1_0 
    where
        ce1_0.cinema_name=? 
    limit
        ?
Hibernate: 
    select
        ce1_0.cinema_id 
    from
        cinema_tb ce1_0 
    where
        ce1_0.cinema_name=? 
    limit
        ?
2025-03-06T11:06:29.501+09:00 DEBUG 14008 --- [    Test worker] org.hibernate.SQL                        : 
    select
        ce1_0.cinema_id 
    from
        cinema_tb ce1_0 
    where
        ce1_0.cinema_name=? 
    limit
        ?
Hibernate: 
    select
        ce1_0.cinema_id 
    from
        cinema_tb ce1_0 
    where
        ce1_0.cinema_name=? 
    limit
        ?
2025-03-06T11:06:29.617+09:00 DEBUG 14008 --- [    Test worker] org.hibernate.SQL                        : 
    select
        ce1_0.cinema_id 
    from
        cinema_tb ce1_0 
    where
        ce1_0.cinema_name=? 
    limit
        ?
Hibernate: 
    select
        ce1_0.cinema_id 
    from
        cinema_tb ce1_0 
    where
        ce1_0.cinema_name=? 
    limit
        ?
2025-03-06T11:06:29.731+09:00 DEBUG 14008 --- [    Test worker] org.hibernate.SQL                        : 
    select
        ce1_0.cinema_id 
    from
        cinema_tb ce1_0 
    where
        ce1_0.cinema_name=? 
    limit
        ?
Hibernate: 
    select
        ce1_0.cinema_id 
    from
        cinema_tb ce1_0 
    where
        ce1_0.cinema_name=? 
    limit
        ?
2025-03-06T11:06:29.852+09:00 DEBUG 14008 --- [    Test worker] org.hibernate.SQL                        : 
    select
        ce1_0.cinema_id 
    from
        cinema_tb ce1_0 
    where
        ce1_0.cinema_name=? 
    limit
        ?
Hibernate: 
    select
        ce1_0.cinema_id 
    from
        cinema_tb ce1_0 
    where
        ce1_0.cinema_name=? 
    limit
        ?
2025-03-06T11:06:29.978+09:00 DEBUG 14008 --- [    Test worker] org.hibernate.SQL                        : 
    select
        ce1_0.cinema_id 
    from
        cinema_tb ce1_0 
    where
        ce1_0.cinema_name=? 
    limit
        ?
Hibernate: 
    select
        ce1_0.cinema_id 
    from
        cinema_tb ce1_0 
    where
        ce1_0.cinema_name=? 
    limit
        ?
2025-03-06T11:06:30.096+09:00 DEBUG 14008 --- [    Test worker] org.hibernate.SQL                        : 
    select
        ce1_0.cinema_id 
    from
        cinema_tb ce1_0 
    where
        ce1_0.cinema_name=? 
    limit
        ?
Hibernate: 
    select
        ce1_0.cinema_id 
    from
        cinema_tb ce1_0 
    where
        ce1_0.cinema_name=? 
    limit
        ?
2025-03-06T11:06:30.206+09:00 DEBUG 14008 --- [    Test worker] org.hibernate.SQL                        : 
    select
        ce1_0.cinema_id 
    from
        cinema_tb ce1_0 
    where
        ce1_0.cinema_name=? 
    limit
        ?
Hibernate: 
    select
        ce1_0.cinema_id 
    from
        cinema_tb ce1_0 
    where
        ce1_0.cinema_name=? 
    limit
        ?
2025-03-06T11:06:30.340+09:00 DEBUG 14008 --- [    Test worker] org.hibernate.SQL                        : 
    select
        ce1_0.cinema_id 
    from
        cinema_tb ce1_0 
    where
        ce1_0.cinema_name=? 
    limit
        ?
Hibernate: 
    select
        ce1_0.cinema_id 
    from
        cinema_tb ce1_0 
    where
        ce1_0.cinema_name=? 
    limit
        ?
2025-03-06T11:06:30.457+09:00 DEBUG 14008 --- [    Test worker] org.hibernate.SQL                        : 
    select
        ce1_0.cinema_id 
    from
        cinema_tb ce1_0 
    where
        ce1_0.cinema_name=? 
    limit
        ?
Hibernate: 
    select
        ce1_0.cinema_id 
    from
        cinema_tb ce1_0 
    where
        ce1_0.cinema_name=? 
    limit
        ?
2025-03-06T11:06:30.554+09:00 DEBUG 14008 --- [    Test worker] org.hibernate.SQL                        : 
    select
        ce1_0.cinema_id 
    from
        cinema_tb ce1_0 
    where
        ce1_0.cinema_name=? 
    limit
        ?
Hibernate: 
    select
        ce1_0.cinema_id 
    from
        cinema_tb ce1_0 
    where
        ce1_0.cinema_name=? 
    limit
        ?
2025-03-06T11:06:30.672+09:00 DEBUG 14008 --- [    Test worker] org.hibernate.SQL                        : 
    select
        ce1_0.cinema_id 
    from
        cinema_tb ce1_0 
    where
        ce1_0.cinema_name=? 
    limit
        ?
Hibernate: 
    select
        ce1_0.cinema_id 
    from
        cinema_tb ce1_0 
    where
        ce1_0.cinema_name=? 
    limit
        ?
2025-03-06T11:06:30.778+09:00 DEBUG 14008 --- [    Test worker] org.hibernate.SQL                        : 
    select
        ce1_0.cinema_id 
    from
        cinema_tb ce1_0 
    where
        ce1_0.cinema_name=? 
    limit
        ?
Hibernate: 
    select
        ce1_0.cinema_id 
    from
        cinema_tb ce1_0 
    where
        ce1_0.cinema_name=? 
    limit
        ?
2025-03-06T11:06:30.900+09:00 DEBUG 14008 --- [    Test worker] org.hibernate.SQL                        : 
    select
        ce1_0.cinema_id 
    from
        cinema_tb ce1_0 
    where
        ce1_0.cinema_name=? 
    limit
        ?
Hibernate: 
    select
        ce1_0.cinema_id 
    from
        cinema_tb ce1_0 
    where
        ce1_0.cinema_name=? 
    limit
        ?
2025-03-06T11:06:30.997+09:00 DEBUG 14008 --- [    Test worker] org.hibernate.SQL                        : 
    select
        ce1_0.cinema_id 
    from
        cinema_tb ce1_0 
    where
        ce1_0.cinema_name=? 
    limit
        ?
Hibernate: 
    select
        ce1_0.cinema_id 
    from
        cinema_tb ce1_0 
    where
        ce1_0.cinema_name=? 
    limit
        ?
2025-03-06T11:06:31.102+09:00 DEBUG 14008 --- [    Test worker] org.hibernate.SQL                        : 
    select
        ce1_0.cinema_id 
    from
        cinema_tb ce1_0 
    where
        ce1_0.cinema_name=? 
    limit
        ?
Hibernate: 
    select
        ce1_0.cinema_id 
    from
        cinema_tb ce1_0 
    where
        ce1_0.cinema_name=? 
    limit
        ?
2025-03-06T11:06:31.224+09:00 DEBUG 14008 --- [    Test worker] org.hibernate.SQL                        : 
    select
        ce1_0.cinema_id 
    from
        cinema_tb ce1_0 
    where
        ce1_0.cinema_name=? 
    limit
        ?
Hibernate: 
    select
        ce1_0.cinema_id 
    from
        cinema_tb ce1_0 
    where
        ce1_0.cinema_name=? 
    limit
        ?
2025-03-06T11:06:31.340+09:00 DEBUG 14008 --- [    Test worker] org.hibernate.SQL                        : 
    select
        ce1_0.cinema_id 
    from
        cinema_tb ce1_0 
    where
        ce1_0.cinema_name=? 
    limit
        ?
Hibernate: 
    select
        ce1_0.cinema_id 
    from
        cinema_tb ce1_0 
    where
        ce1_0.cinema_name=? 
    limit
        ?
2025-03-06T11:06:31.452+09:00 DEBUG 14008 --- [    Test worker] org.hibernate.SQL                        : 
    insert 
    into
        cinema_tb
        (address, cinema_name, create_time, lat, lon, region) 
    values
        (?, ?, ?, ?, ?, ?)
Hibernate: 
    insert 
    into
        cinema_tb
        (address, cinema_name, create_time, lat, lon, region) 
    values
        (?, ?, ?, ?, ?, ?)
2025-03-06T11:06:31.452+09:00 DEBUG 14008 --- [    Test worker] org.hibernate.SQL                        : 
    insert 
    into
        cinema_tb
        (address, cinema_name, create_time, lat, lon, region) 
    values
        (?, ?, ?, ?, ?, ?)
Hibernate: 
    insert 
    into
        cinema_tb
        (address, cinema_name, create_time, lat, lon, region) 
    values
        (?, ?, ?, ?, ?, ?)
2025-03-06T11:06:31.462+09:00 DEBUG 14008 --- [    Test worker] org.hibernate.SQL                        : 
    insert 
    into
        cinema_tb
        (address, cinema_name, create_time, lat, lon, region) 
    values
        (?, ?, ?, ?, ?, ?)
Hibernate: 
    insert 
    into
        cinema_tb
        (address, cinema_name, create_time, lat, lon, region) 
    values
        (?, ?, ?, ?, ?, ?)
2025-03-06T11:06:31.462+09:00 DEBUG 14008 --- [    Test worker] org.hibernate.SQL                        : 
    insert 
    into
        cinema_tb
        (address, cinema_name, create_time, lat, lon, region) 
    values
        (?, ?, ?, ?, ?, ?)
Hibernate: 
    insert 
    into
        cinema_tb
        (address, cinema_name, create_time, lat, lon, region) 
    values
        (?, ?, ?, ?, ?, ?)
2025-03-06T11:06:31.462+09:00 DEBUG 14008 --- [    Test worker] org.hibernate.SQL                        : 
    insert 
    into
        cinema_tb
        (address, cinema_name, create_time, lat, lon, region) 
    values
        (?, ?, ?, ?, ?, ?)
Hibernate: 
    insert 
    into
        cinema_tb
        (address, cinema_name, create_time, lat, lon, region) 
    values
        (?, ?, ?, ?, ?, ?)
2025-03-06T11:06:31.462+09:00 DEBUG 14008 --- [    Test worker] org.hibernate.SQL                        : 
    insert 
    into
        cinema_tb
        (address, cinema_name, create_time, lat, lon, region) 
    values
        (?, ?, ?, ?, ?, ?)
Hibernate: 
    insert 
    into
        cinema_tb
        (address, cinema_name, create_time, lat, lon, region) 
    values
        (?, ?, ?, ?, ?, ?)
[...]
        (cinema_id, create_time, name) 
    values
        (?, ?, ?)
영화관 : 논산 |  상영관 : 상영관 6
2025-03-06T11:06:32.447+09:00 DEBUG 14008 --- [    Test worker] org.hibernate.SQL                        : 
    select
        te1_0.theater_id 
    from
        theater_tb te1_0 
    where
        te1_0.name=? 
        and te1_0.cinema_id=? 
    limit
        ?
Hibernate: 
    select
        te1_0.theater_id 
    from
        theater_tb te1_0 
    where
        te1_0.name=? 
        and te1_0.cinema_id=? 
    limit
        ?
2025-03-06T11:06:32.447+09:00 DEBUG 14008 --- [    Test worker] org.hibernate.SQL                        : 
    insert 
    into
        theater_tb
        (cinema_id, create_time, name) 
    values
        (?, ?, ?)
Hibernate: 
    insert 
    into
        theater_tb
        (cinema_id, create_time, name) 
    values
        (?, ?, ?)
영화관 : 논산 |  상영관 : 상영관 7
2025-03-06T11:06:32.449+09:00 DEBUG 14008 --- [    Test worker] org.hibernate.SQL                        : 
    select
        te1_0.theater_id 
    from
        theater_tb te1_0 
    where
        te1_0.name=? 
        and te1_0.cinema_id=? 
    limit
        ?
Hibernate: 
    select
        te1_0.theater_id 
    from
        theater_tb te1_0 
    where
        te1_0.name=? 
        and te1_0.cinema_id=? 
    limit
        ?
2025-03-06T11:06:32.450+09:00 DEBUG 14008 --- [    Test worker] org.hibernate.SQL                        : 
    insert 
    into
        theater_tb
        (cinema_id, create_time, name) 
    values
        (?, ?, ?)
Hibernate: 
    insert 
    into
        theater_tb
        (cinema_id, create_time, name) 
    values
        (?, ?, ?)
영화관 : 논산 |  상영관 : 상영관 8
2025-03-06T11:06:32.452+09:00 DEBUG 14008 --- [    Test worker] org.hibernate.SQL                        : 
    select
        te1_0.theater_id 
    from
        theater_tb te1_0 
    where
        te1_0.name=? 
        and te1_0.cinema_id=? 
    limit
        ?
Hibernate: 
    select
        te1_0.theater_id 
    from
        theater_tb te1_0 
    where
        te1_0.name=? 
        and te1_0.cinema_id=? 
    limit
        ?
2025-03-06T11:06:32.453+09:00 DEBUG 14008 --- [    Test worker] org.hibernate.SQL                        : 
    insert 
    into
        theater_tb
        (cinema_id, create_time, name) 
    values
        (?, ?, ?)
Hibernate: 
    insert 
    into
        theater_tb
        (cinema_id, create_time, name) 
    values
        (?, ?, ?)
영화관 : 논산 |  상영관 : 상영관 9
2025-03-06T11:06:32.455+09:00 DEBUG 14008 --- [    Test worker] org.hibernate.SQL                        : 
    select
        te1_0.theater_id 
    from
        theater_tb te1_0 
    where
        te1_0.name=? 
        and te1_0.cinema_id=? 
    limit
        ?
Hibernate: 
    select
        te1_0.theater_id 
    from
        theater_tb te1_0 
    where
        te1_0.name=? 
        and te1_0.cinema_id=? 
    limit
        ?
2025-03-06T11:06:32.456+09:00 DEBUG 14008 --- [    Test worker] org.hibernate.SQL                        : 
    insert 
    into
        theater_tb
        (cinema_id, create_time, name) 
    values
        (?, ?, ?)
Hibernate: 
    insert 
    into
        theater_tb
        (cinema_id, create_time, name) 
    values
        (?, ?, ?)
영화관 : 논산 |  상영관 : 상영관 10
2025-03-06T11:06:32.458+09:00 DEBUG 14008 --- [    Test worker] org.hibernate.SQL                        : 
    select
        count(te1_0.theater_id) 
    from
        theater_tb te1_0 
    where
        te1_0.cinema_id=?
Hibernate: 
    select
        count(te1_0.theater_id) 
    from
        theater_tb te1_0 
    where
        te1_0.cinema_id=?
2025-03-06T11:06:32.459+09:00 DEBUG 14008 --- [    Test worker] org.hibernate.SQL                        : 
    select
        te1_0.theater_id 
    from
        theater_tb te1_0 
    where
        te1_0.name=? 
        and te1_0.cinema_id=? 
    limit
        ?
Hibernate: 
    select
        te1_0.theater_id 
    from
        theater_tb te1_0 
    where
        te1_0.name=? 
        and te1_0.cinema_id=? 
    limit
        ?
2025-03-06T11:06:32.460+09:00 DEBUG 14008 --- [    Test worker] org.hibernate.SQL                        : 
    insert 
    into
        theater_tb
        (cinema_id, create_time, name) 
    values
        (?, ?, ?)
Hibernate: 
    insert 
    into
        theater_tb
        (cinema_id, create_time, name) 
    values
        (?, ?, ?)
영화관 : 대전 |  상영관 : 상영관 1
2025-03-06T11:06:32.462+09:00 DEBUG 14008 --- [    Test worker] org.hibernate.SQL                        : 
    select
        te1_0.theater_id 
    from
        theater_tb te1_0 
    where
        te1_0.name=? 
        and te1_0.cinema_id=? 
    limit
        ?
Hibernate: 
    select
        te1_0.theater_id 
    from
        theater_tb te1_0 
    where
        te1_0.name=? 
        and te1_0.cinema_id=? 
    limit
        ?
2025-03-06T11:06:32.463+09:00 DEBUG 14008 --- [    Test worker] org.hibernate.SQL                        : 
    insert 
    into
        theater_tb
        (cinema_id, create_time, name) 
    values
        (?, ?, ?)
Hibernate: 
    insert 
    into
        theater_tb
        (cinema_id, create_time, name) 
    values
        (?, ?, ?)
영화관 : 대전 |  상영관 : 상영관 2
2025-03-06T11:06:32.465+09:00 DEBUG 14008 --- [    Test worker] org.hibernate.SQL                        : 
    select
        te1_0.theater_id 
    from
        theater_tb te1_0 
    where
        te1_0.name=? 
        and te1_0.cinema_id=? 
    limit
        ?
Hibernate: 
    select
        te1_0.theater_id 
    from
        theater_tb te1_0 
    where
        te1_0.name=? 
        and te1_0.cinema_id=? 
    limit
        ?
2025-03-06T11:06:32.465+09:00 DEBUG 14008 --- [    Test worker] org.hibernate.SQL                        : 
    insert 
    into
        theater_tb
        (cinema_id, create_time, name) 
    values
        (?, ?, ?)
Hibernate: 
    insert 
    into
        theater_tb
        (cinema_id, create_time, name) 
    values
        (?, ?, ?)
영화관 : 대전 |  상영관 : 상영관 3
2025-03-06T11:06:32.467+09:00 DEBUG 14008 --- [    Test worker] org.hibernate.SQL                        : 
    select
        te1_0.theater_id 
    from
        theater_tb te1_0 
    where
        te1_0.name=? 
        and te1_0.cinema_id=? 
    limit
        ?
Hibernate: 
    select
        te1_0.theater_id 
    from
        theater_tb te1_0 
    where
        te1_0.name=? 
        and te1_0.cinema_id=? 
    limit
        ?
2025-03-06T11:06:32.468+09:00 DEBUG 14008 --- [    Test worker] org.hibernate.SQL                        : 
    insert 
    into
        theater_tb
        (cinema_id, create_time, name) 
    values
        (?, ?, ?)
Hibernate: 
    insert 
    into
        theater_tb
        (cinema_id, create_time, name) 
    values
        (?, ?, ?)
영화관 : 대전 |  상영관 : 상영관 4
2025-03-06T11:06:32.469+09:00 DEBUG 14008 --- [    Test worker] org.hibernate.SQL                        : 
    select
        te1_0.theater_id 
    from
        theater_tb te1_0 
    where
        te1_0.name=? 
        and te1_0.cinema_id=? 
    limit
        ?
Hibernate: 
    select
        te1_0.theater_id 
    from
        theater_tb te1_0 
    where
        te1_0.name=? 
        and te1_0.cinema_id=? 
    limit
        ?
2025-03-06T11:06:32.470+09:00 DEBUG 14008 --- [    Test worker] org.hibernate.SQL                        : 
    insert 
    into
        theater_tb
        (cinema_id, create_time, name) 
    values
        (?, ?, ?)
Hibernate: 
    insert 
    into
        theater_tb
        (cinema_id, create_time, name) 
    values
        (?, ?, ?)
영화관 : 대전 |  상영관 : 상영관 5
2025-03-06T11:06:32.472+09:00 DEBUG 14008 --- [    Test worker] org.hibernate.SQL                        : 
    select
        te1_0.theater_id 
    from
        theater_tb te1_0 
    where
        te1_0.name=? 
        and te1_0.cinema_id=? 
    limit
        ?
Hibernate: 
    select
        te1_0.theater_id 
    from
        theater_tb te1_0 
    where
        te1_0.name=? 
        and te1_0.cinema_id=? 
    limit
        ?
2025-03-06T11:06:32.473+09:00 DEBUG 14008 --- [    Test worker] org.hibernate.SQL                        : 
    insert 
    into
        theater_tb
        (cinema_id, create_time, name) 
    values
        (?, ?, ?)
Hibernate: 
    insert 
    into
        theater_tb
        (cinema_id, create_time, name) 
    values
        (?, ?, ?)
영화관 : 대전 |  상영관 : 상영관 6
2025-03-06T11:06:32.474+09:00 DEBUG 14008 --- [    Test worker] org.hibernate.SQL                        : 
    select
        te1_0.theater_id 
    from
        theater_tb te1_0 
    where
        te1_0.name=? 
        and te1_0.cinema_id=? 
    limit
        ?
Hibernate: 
    select
        te1_0.theater_id 
    from
        theater_tb te1_0 
    where
        te1_0.name=? 
        and te1_0.cinema_id=? 
    limit
        ?
2025-03-06T11:06:32.475+09:00 DEBUG 14008 --- [    Test worker] org.hibernate.SQL                        : 
    insert 
    into
        theater_tb
        (cinema_id, create_time, name) 
    values
        (?, ?, ?)
Hibernate: 
    insert 
    into
        theater_tb
        (cinema_id, create_time, name) 
    values
        (?, ?, ?)
영화관 : 대전 |  상영관 : 상영관 7
2025-03-06T11:06:32.477+09:00 DEBUG 14008 --- [    Test worker] org.hibernate.SQL                        : 
    select
        te1_0.theater_id 
    from
        theater_tb te1_0 
    where
        te1_0.name=? 
        and te1_0.cinema_id=? 
    limit
        ?
Hibernate: 
    select
        te1_0.theater_id 
    from
        theater_tb te1_0 
    where
        te1_0.name=? 
        and te1_0.cinema_id=? 
    limit
        ?
2025-03-06T11:06:32.477+09:00 DEBUG 14008 --- [    Test worker] org.hibernate.SQL                        : 
    insert 
    into
        theater_tb
        (cinema_id, create_time, name) 
    values
        (?, ?, ?)
Hibernate: 
    insert 
    into
        theater_tb
        (cinema_id, create_time, name) 
    values
        (?, ?, ?)
영화관 : 대전 |  상영관 : 상영관 8
2025-03-06T11:06:32.479+09:00 DEBUG 14008 --- [    Test worker] org.hibernate.SQL                        : 
    select
        te1_0.theater_id 
    from
        theater_tb te1_0 
    where
        te1_0.name=? 
        and te1_0.cinema_id=? 
    limit
        ?
Hibernate: 
    select
        te1_0.theater_id 
    from
        theater_tb te1_0 
    where
        te1_0.name=? 
        and te1_0.cinema_id=? 
    limit
        ?
2025-03-06T11:06:32.480+09:00 DEBUG 14008 --- [    Test worker] org.hibernate.SQL                        : 
    insert 
    into
        theater_tb
        (cinema_id, create_time, name) 
    values
        (?, ?, ?)
Hibernate: 
    insert 
    into
        theater_tb
        (cinema_id, create_time, name) 
    values
        (?, ?, ?)
영화관 : 대전 |  상영관 : 상영관 9
2025-03-06T11:06:32.481+09:00 DEBUG 14008 --- [    Test worker] org.hibernate.SQL                        : 
    select
        te1_0.theater_id 
    from
        theater_tb te1_0 
    where
        te1_0.name=? 
        and te1_0.cinema_id=? 
    limit
        ?
Hibernate: 
    select
        te1_0.theater_id 
    from
        theater_tb te1_0 
    where
        te1_0.name=? 
        and te1_0.cinema_id=? 
    limit
        ?
2025-03-06T11:06:32.482+09:00 DEBUG 14008 --- [    Test worker] org.hibernate.SQL                        : 
    insert 
    into
        theater_tb
        (cinema_id, create_time, name) 
    values
        (?, ?, ?)
Hibernate: 
    insert 
    into
        theater_tb
        (cinema_id, create_time, name) 
    values
        (?, ?, ?)
영화관 : 대전 |  상영관 : 상영관 10
2025-03-06T11:06:32.483+09:00 DEBUG 14008 --- [    Test worker] org.hibernate.SQL                        : 
    select
        count(te1_0.theater_id) 
    from
        theater_tb te1_0 
    where
        te1_0.cinema_id=?
Hibernate: 
    select
        count(te1_0.theater_id) 
    from
        theater_tb te1_0 
    where
        te1_0.cinema_id=?
2025-03-06T11:06:32.484+09:00 DEBUG 14008 --- [    Test worker] org.hibernate.SQL                        : 
    select
        te1_0.theater_id 
    from
        theater_tb te1_0 
    where
        te1_0.name=? 
        and te1_0.cinema_id=? 
    limit
        ?
Hibernate: 
    select
        te1_0.theater_id 
    from
        theater_tb te1_0 
    where
        te1_0.name=? 
        and te1_0.cinema_id=? 
    limit
        ?
2025-03-06T11:06:32.485+09:00 DEBUG 14008 --- [    Test worker] org.hibernate.SQL                        : 
    insert 
    into
        theater_tb
        (cinema_id, create_time, name) 
    values
        (?, ?, ?)
Hibernate: 
    insert 
    into
        theater_tb
        (cinema_id, create_time, name) 
    values
        (?, ?, ?)
영화관 : 대전신세계 아트앤사이언스 |  상영관 : 상영관 1
2025-03-06T11:06:32.486+09:00 DEBUG 14008 --- [    Test worker] org.hibernate.SQL                        : 
    select
        te1_0.theater_id 
    from
        theater_tb te1_0 
    where
        te1_0.name=? 
        and te1_0.cinema_id=? 
    limit
        ?
Hibernate: 
    select
        te1_0.theater_id 
    from
        theater_tb te1_0 
    where
        te1_0.name=? 
        and te1_0.cinema_id=? 
    limit
        ?
2025-03-06T11:06:32.486+09:00 DEBUG 14008 --- [    Test worker] org.hibernate.SQL                        : 
    insert 
    into
        theater_tb
        (cinema_id, create_time, name) 
    values
        (?, ?, ?)
Hibernate: 
    insert 
    into
        theater_tb
        (cinema_id, create_time, name) 
    values
        (?, ?, ?)
영화관 : 대전신세계 아트앤사이언스 |  상영관 : 상영관 2
2025-03-06T11:06:32.487+09:00 DEBUG 14008 --- [    Test worker] org.hibernate.SQL                        : 
    select
        te1_0.theater_id 
    from
        theater_tb te1_0 
    where
        te1_0.name=? 
        and te1_0.cinema_id=? 
    limit
        ?
Hibernate: 
    select
        te1_0.theater_id 
    from
        theater_tb te1_0 
    where
        te1_0.name=? 
        and te1_0.cinema_id=? 
    limit
        ?
2025-03-06T11:06:32.488+09:00 DEBUG 14008 --- [    Test worker] org.hibernate.SQL                        : 
    insert 
    into
        theater_tb
        (cinema_id, create_time, name) 
    values
        (?, ?, ?)
Hibernate: 
    insert 
    into
        theater_tb
        (cinema_id, create_time, name) 
    values
        (?, ?, ?)
영화관 : 대전신세계 아트앤사이언스 |  상영관 : 상영관 3
2025-03-06T11:06:32.489+09:00 DEBUG 14008 --- [    Test worker] org.hibernate.SQL                        : 
    select
        te1_0.theater_id 
    from
        theater_tb te1_0 
    where
        te1_0.name=? 
        and te1_0.cinema_id=? 
    limit
        ?
Hibernate: 
    select
        te1_0.theater_id 
    from
        theater_tb te1_0 
    where
        te1_0.name=? 
        and te1_0.cinema_id=? 
    limit
        ?
2025-03-06T11:06:32.489+09:00 DEBUG 14008 --- [    Test worker] org.hibernate.SQL                        : 
    insert 
    into
        theater_tb
        (cinema_id, create_time, name) 
    values
        (?, ?, ?)
Hibernate: 
    insert 
    into
        theater_tb
        (cinema_id, create_time, name) 
    values
        (?, ?, ?)
영화관 : 대전신세계 아트앤사이언스 |  상영관 : 상영관 4
2025-03-06T11:06:32.490+09:00 DEBUG 14008 --- [    Test worker] org.hibernate.SQL                        : 
    select
        te1_0.theater_id 
    from
        theater_tb te1_0 
    where
        te1_0.name=? 
        and te1_0.cinema_id=? 
    limit
        ?
Hibernate: 
    select
        te1_0.theater_id 
    from
        theater_tb te1_0 
    where
        te1_0.name=? 
        and te1_0.cinema_id=? 
    limit
        ?
2025-03-06T11:06:32.491+09:00 DEBUG 14008 --- [    Test worker] org.hibernate.SQL                        : 
    insert 
    into
        theater_tb
        (cinema_id, create_time, name) 
    values
        (?, ?, ?)
Hibernate: 
    insert 
    into
        theater_tb
        (cinema_id, create_time, name) 
    values
        (?, ?, ?)
영화관 : 대전신세계 아트앤사이언스 |  상영관 : 상영관 5
2025-03-06T11:06:32.492+09:00 DEBUG 14008 --- [    Test worker] org.hibernate.SQL                        : 
    select
        te1_0.theater_id 
    from
        theater_tb te1_0 
    where
        te1_0.name=? 
        and te1_0.cinema_id=? 
    limit
        ?
Hibernate: 
    select
        te1_0.theater_id 
    from
        theater_tb te1_0 
    where
        te1_0.name=? 
        and te1_0.cinema_id=? 
    limit
        ?
2025-03-06T11:06:32.492+09:00 DEBUG 14008 --- [    Test worker] org.hibernate.SQL                        : 
    insert 
    into
        theater_tb
        (cinema_id, create_time, name) 
    values
        (?, ?, ?)
Hibernate: 
    insert 
    into
        theater_tb
        (cinema_id, create_time, name) 
    values
        (?, ?, ?)
영화관 : 대전신세계 아트앤사이언스 |  상영관 : 상영관 6
2025-03-06T11:06:32.494+09:00 DEBUG 14008 --- [    Test worker] org.hibernate.SQL                        : 
    select
        te1_0.theater_id 
    from
        theater_tb te1_0 
    where
        te1_0.name=? 
        and te1_0.cinema_id=? 
    limit
        ?
Hibernate: 
    select
        te1_0.theater_id 
    from
        theater_tb te1_0 
    where
        te1_0.name=? 
        and te1_0.cinema_id=? 
    limit
        ?
2025-03-06T11:06:32.494+09:00 DEBUG 14008 --- [    Test worker] org.hibernate.SQL                        : 
    insert 
    into
        theater_tb
        (cinema_id, create_time, name) 
    values
        (?, ?, ?)
Hibernate: 
    insert 
    into
        theater_tb
        (cinema_id, create_time, name) 
    values
        (?, ?, ?)
영화관 : 대전신세계 아트앤사이언스 |  상영관 : 상영관 7
2025-03-06T11:06:32.496+09:00 DEBUG 14008 --- [    Test worker] org.hibernate.SQL                        : 
    select
        te1_0.theater_id 
    from
        theater_tb te1_0 
    where
        te1_0.name=? 
        and te1_0.cinema_id=? 
    limit
        ?
Hibernate: 
    select
        te1_0.theater_id 
    from
        theater_tb te1_0 
    where
        te1_0.name=? 
        and te1_0.cinema_id=? 
    limit
        ?
2025-03-06T11:06:32.496+09:00 DEBUG 14008 --- [    Test worker] org.hibernate.SQL                        : 
    insert 
    into
        theater_tb
        (cinema_id, create_time, name) 
    values
        (?, ?, ?)
Hibernate: 
    insert 
    into
        theater_tb
        (cinema_id, create_time, name) 
    values
        (?, ?, ?)
영화관 : 대전신세계 아트앤사이언스 |  상영관 : 상영관 8
2025-03-06T11:06:32.498+09:00 DEBUG 14008 --- [    Test worker] org.hibernate.SQL                        : 
    select
        te1_0.theater_id 
    from
        theater_tb te1_0 
    where
        te1_0.name=? 
        and te1_0.cinema_id=? 
    limit
        ?
Hibernate: 
    select
        te1_0.theater_id 
    from
        theater_tb te1_0 
    where
        te1_0.name=? 
        and te1_0.cinema_id=? 
    limit
        ?
2025-03-06T11:06:32.498+09:00 DEBUG 14008 --- [    Test worker] org.hibernate.SQL                        : 
    insert 
    into
        theater_tb
        (cinema_id, create_time, name) 
    values
        (?, ?, ?)
Hibernate: 
    insert 
    into
        theater_tb
        (cinema_id, create_time, name) 
    values
        (?, ?, ?)
영화관 : 대전신세계 아트앤사이언스 |  상영관 : 상영관 9
2025-03-06T11:06:32.500+09:00 DEBUG 14008 --- [    Test worker] org.hibernate.SQL                        : 
    select
        te1_0.theater_id 
    from
        theater_tb te1_0 
    where
        te1_0.name=? 
        and te1_0.cinema_id=? 
    limit
        ?
Hibernate: 
    select
        te1_0.theater_id 
    from
        theater_tb te1_0 
    where
        te1_0.name=? 
        and te1_0.cinema_id=? 
    limit
        ?
2025-03-06T11:06:32.500+09:00 DEBUG 14008 --- [    Test worker] org.hibernate.SQL                        : 
    insert 
    into
        theater_tb
        (cinema_id, create_time, name) 
    values
        (?, ?, ?)
Hibernate: 
    insert 
    into
        theater_tb
        (cinema_id, create_time, name) 
    values
        (?, ?, ?)
영화관 : 대전신세계 아트앤사이언스 |  상영관 : 상영관 10
]]></system-out>
  <system-err><![CDATA[]]></system-err>
</testsuite>
